#
# There is insufficient memory for the Java Runtime Environment to continue.
# Native memory allocation (mmap) failed to map 104857600 bytes. Error detail: G1 virtual space
# Possible reasons:
#   The system is out of physical RAM or swap space
#   This process is running with CompressedOops enabled, and the Java Heap may be blocking the growth of the native heap
# Possible solutions:
#   Reduce memory load on the system
#   Increase physical memory or swap space
#   Check if swap backing store is full
#   Decrease Java heap size (-Xmx/-Xms)
#   Decrease number of Java threads
#   Decrease Java thread stack sizes (-Xss)
#   Set larger code cache with -XX:ReservedCodeCacheSize=
#   JVM is running with Unscaled Compressed Oops mode in which the Java heap is
#     placed in the first 4GB address space. The Java Heap base address is the
#     maximum limit for the native heap growth. Please use -XX:HeapBaseMinAddress
#     to set the Java Heap base and to place the Java Heap above 4GB virtual address.
# This output file may be truncated or incomplete.
#
#  Out of Memory Error (os_windows.cpp:3616), pid=11228, tid=12304
#
# JRE version: OpenJDK Runtime Environment Corretto-21.0.5.11.1 (21.0.5+11) (build 21.0.5+11-LTS)
# Java VM: OpenJDK 64-Bit Server VM Corretto-21.0.5.11.1 (21.0.5+11-LTS, mixed mode, emulated-client, sharing, tiered, compressed oops, compressed class ptrs, g1 gc, windows-amd64)
# No core dump will be written. Minidumps are not enabled by default on client versions of Windows
#

---------------  S U M M A R Y ------------

Command Line: -XX:TieredStopAtLevel=1 -Dspring.output.ansi.enabled=always -Dcom.sun.management.jmxremote -Dspring.jmx.enabled=true -Dspring.liveBeansView.mbeanDomain -Dspring.application.admin.enabled=true -Dmanagement.endpoints.jmx.exposure.include=* -javaagent:C:\Program Files\JetBrains\IntelliJ IDEA 2025.1.1.1\lib\idea_rt.jar=65084 -Dfile.encoding=UTF-8 -Dsun.stdout.encoding=UTF-8 -Dsun.stderr.encoding=UTF-8 ma.enset.ebankingbackend.EBankingBackendApplication

Host: Intel(R) Core(TM) i5-6300U CPU @ 2.40GHz, 4 cores, 7G,  Windows 10 , 64 bit Build 19041 (10.0.19041.5678)
Time: Mon May 26 02:03:59 2025 Morocco Daylight Time elapsed time: 16.012176 seconds (0d 0h 0m 16s)

---------------  T H R E A D  ---------------

Current thread (0x0000029a7287cae0):  VMThread "VM Thread"          [id=12304, stack(0x000000cab1a00000,0x000000cab1b00000) (1024K)]

Stack: [0x000000cab1a00000,0x000000cab1b00000]
Native frames: (J=compiled Java code, j=interpreted, Vv=VM code, C=native code)
V  [jvm.dll+0x6d9b69]
V  [jvm.dll+0x8b6073]
V  [jvm.dll+0x8b83ce]
V  [jvm.dll+0x8b8ab3]
V  [jvm.dll+0x286226]
V  [jvm.dll+0x6d62e5]
V  [jvm.dll+0x6ca94a]
V  [jvm.dll+0x35f47b]
V  [jvm.dll+0x367046]
V  [jvm.dll+0x3b92a6]
V  [jvm.dll+0x3b9578]
V  [jvm.dll+0x332b6c]
V  [jvm.dll+0x332bf7]
V  [jvm.dll+0x377a8c]
V  [jvm.dll+0x37623e]
V  [jvm.dll+0x3322c1]
V  [jvm.dll+0x375950]
V  [jvm.dll+0x8be628]
V  [jvm.dll+0x8bf9a4]
V  [jvm.dll+0x8bfee0]
V  [jvm.dll+0x8c0173]
V  [jvm.dll+0x85ed68]
V  [jvm.dll+0x6d836d]
C  [ucrtbase.dll+0x21bb2]
C  [KERNEL32.DLL+0x17374]
C  [ntdll.dll+0x4cc91]

VM_Operation (0x000000cab13fc910): G1CollectForAllocation, mode: safepoint, requested by thread 0x0000029a626c56c0


---------------  P R O C E S S  ---------------

Threads class SMR info:
_java_thread_list=0x0000029a7a2c3530, length=35, elements={
0x0000029a626c56c0, 0x0000029a72897de0, 0x0000029a72898ea0, 0x0000029a7289c480,
0x0000029a7289e040, 0x0000029a7289ea90, 0x0000029a7289f4e0, 0x0000029a7289ff30,
0x0000029a72863430, 0x0000029a72a345f0, 0x0000029a72a34c90, 0x0000029a771c1f80,
0x0000029a771c25e0, 0x0000029a773a9d40, 0x0000029a773d6930, 0x0000029a773d35e0,
0x0000029a77453ac0, 0x0000029a7745f290, 0x0000029a77e238e0, 0x0000029a77e23250,
0x0000029a77e21180, 0x0000029a77e22530, 0x0000029a77e24600, 0x0000029a77e21810,
0x0000029a77e22bc0, 0x0000029a7a990060, 0x0000029a7a992130, 0x0000029a7a991410,
0x0000029a7a9934e0, 0x0000029a7a9927c0, 0x0000029a7a997680, 0x0000029a7a9955b0,
0x0000029a7a994200, 0x0000029a7a992e50, 0x0000029a7a991aa0
}

Java Threads: ( => current thread )
  0x0000029a626c56c0 JavaThread "main"                              [_thread_blocked, id=6168, stack(0x000000cab1300000,0x000000cab1400000) (1024K)]
  0x0000029a72897de0 JavaThread "Reference Handler"          daemon [_thread_blocked, id=13536, stack(0x000000cab1b00000,0x000000cab1c00000) (1024K)]
  0x0000029a72898ea0 JavaThread "Finalizer"                  daemon [_thread_blocked, id=1780, stack(0x000000cab1c00000,0x000000cab1d00000) (1024K)]
  0x0000029a7289c480 JavaThread "Signal Dispatcher"          daemon [_thread_blocked, id=3004, stack(0x000000cab1d00000,0x000000cab1e00000) (1024K)]
  0x0000029a7289e040 JavaThread "Attach Listener"            daemon [_thread_blocked, id=8064, stack(0x000000cab1e00000,0x000000cab1f00000) (1024K)]
  0x0000029a7289ea90 JavaThread "Service Thread"             daemon [_thread_blocked, id=1232, stack(0x000000cab1f00000,0x000000cab2000000) (1024K)]
  0x0000029a7289f4e0 JavaThread "Monitor Deflation Thread"   daemon [_thread_blocked, id=744, stack(0x000000cab2000000,0x000000cab2100000) (1024K)]
  0x0000029a7289ff30 JavaThread "C1 CompilerThread0"         daemon [_thread_blocked, id=13532, stack(0x000000cab2100000,0x000000cab2200000) (1024K)]
  0x0000029a72863430 JavaThread "Common-Cleaner"             daemon [_thread_blocked, id=3424, stack(0x000000cab2200000,0x000000cab2300000) (1024K)]
  0x0000029a72a345f0 JavaThread "C1 CompilerThread1"         daemon [_thread_blocked, id=11600, stack(0x000000cab2300000,0x000000cab2400000) (1024K)]
  0x0000029a72a34c90 JavaThread "C1 CompilerThread2"         daemon [_thread_blocked, id=13384, stack(0x000000cab2400000,0x000000cab2500000) (1024K)]
  0x0000029a771c1f80 JavaThread "Monitor Ctrl-Break"         daemon [_thread_in_native, id=460, stack(0x000000cab2700000,0x000000cab2800000) (1024K)]
  0x0000029a771c25e0 JavaThread "Notification Thread"        daemon [_thread_blocked, id=7868, stack(0x000000cab2800000,0x000000cab2900000) (1024K)]
  0x0000029a773a9d40 JavaThread "RMI TCP Accept-0"           daemon [_thread_in_native, id=13692, stack(0x000000cab2a00000,0x000000cab2b00000) (1024K)]
  0x0000029a773d6930 JavaThread "RMI TCP Connection(1)-172.31.48.1" daemon [_thread_in_native, id=13604, stack(0x000000cab2c00000,0x000000cab2d00000) (1024K)]
  0x0000029a773d35e0 JavaThread "RMI TCP Connection(2)-172.31.48.1" daemon [_thread_in_native, id=10668, stack(0x000000cab2b00000,0x000000cab2c00000) (1024K)]
  0x0000029a77453ac0 JavaThread "JMX server connection timeout 28" daemon [_thread_blocked, id=14264, stack(0x000000cab2d00000,0x000000cab2e00000) (1024K)]
  0x0000029a7745f290 JavaThread "RMI Scheduler(0)"           daemon [_thread_blocked, id=12460, stack(0x000000cab2e00000,0x000000cab2f00000) (1024K)]
  0x0000029a77e238e0 JavaThread "Catalina-utility-1"                [_thread_blocked, id=8488, stack(0x000000cab2f00000,0x000000cab3000000) (1024K)]
  0x0000029a77e23250 JavaThread "Catalina-utility-2"                [_thread_blocked, id=12876, stack(0x000000cab3000000,0x000000cab3100000) (1024K)]
  0x0000029a77e21180 JavaThread "container-0"                       [_thread_blocked, id=13740, stack(0x000000cab3100000,0x000000cab3200000) (1024K)]
  0x0000029a77e22530 JavaThread "mysql-cj-abandoned-connection-cleanup" daemon [_thread_blocked, id=10960, stack(0x000000cab3200000,0x000000cab3300000) (1024K)]
  0x0000029a77e24600 JavaThread "HikariPool-1 housekeeper"   daemon [_thread_blocked, id=10492, stack(0x000000cab3400000,0x000000cab3500000) (1024K)]
  0x0000029a77e21810 JavaThread "http-nio-8085-exec-1"       daemon [_thread_blocked, id=2292, stack(0x000000cab3500000,0x000000cab3600000) (1024K)]
  0x0000029a77e22bc0 JavaThread "http-nio-8085-exec-2"       daemon [_thread_blocked, id=13972, stack(0x000000cab3600000,0x000000cab3700000) (1024K)]
  0x0000029a7a990060 JavaThread "http-nio-8085-exec-3"       daemon [_thread_blocked, id=12224, stack(0x000000cab3700000,0x000000cab3800000) (1024K)]
  0x0000029a7a992130 JavaThread "http-nio-8085-exec-4"       daemon [_thread_blocked, id=5408, stack(0x000000cab3800000,0x000000cab3900000) (1024K)]
  0x0000029a7a991410 JavaThread "http-nio-8085-exec-5"       daemon [_thread_blocked, id=9604, stack(0x000000cab3900000,0x000000cab3a00000) (1024K)]
  0x0000029a7a9934e0 JavaThread "http-nio-8085-exec-6"       daemon [_thread_blocked, id=13284, stack(0x000000cab3a00000,0x000000cab3b00000) (1024K)]
  0x0000029a7a9927c0 JavaThread "http-nio-8085-exec-7"       daemon [_thread_blocked, id=7816, stack(0x000000cab3b00000,0x000000cab3c00000) (1024K)]
  0x0000029a7a997680 JavaThread "http-nio-8085-exec-8"       daemon [_thread_blocked, id=7800, stack(0x000000cab3c00000,0x000000cab3d00000) (1024K)]
  0x0000029a7a9955b0 JavaThread "http-nio-8085-exec-9"       daemon [_thread_blocked, id=5760, stack(0x000000cab3d00000,0x000000cab3e00000) (1024K)]
  0x0000029a7a994200 JavaThread "http-nio-8085-exec-10"      daemon [_thread_blocked, id=5904, stack(0x000000cab3e00000,0x000000cab3f00000) (1024K)]
  0x0000029a7a992e50 JavaThread "http-nio-8085-Poller"       daemon [_thread_in_native, id=8160, stack(0x000000cab3f00000,0x000000cab4000000) (1024K)]
  0x0000029a7a991aa0 JavaThread "http-nio-8085-Acceptor"     daemon [_thread_in_native, id=9796, stack(0x000000cab4000000,0x000000cab4100000) (1024K)]
Total: 35

Other Threads:
=>0x0000029a7287cae0 VMThread "VM Thread"                           [id=12304, stack(0x000000cab1a00000,0x000000cab1b00000) (1024K)]
  0x0000029a72862370 WatcherThread "VM Periodic Task Thread"        [id=10528, stack(0x000000cab1900000,0x000000cab1a00000) (1024K)]
  0x0000029a6271b130 WorkerThread "GC Thread#0"                     [id=4976, stack(0x000000cab1400000,0x000000cab1500000) (1024K)]
  0x0000029a77275130 WorkerThread "GC Thread#1"                     [id=12484, stack(0x000000cab2500000,0x000000cab2600000) (1024K)]
  0x0000029a772754d0 WorkerThread "GC Thread#2"                     [id=8472, stack(0x000000cab2600000,0x000000cab2700000) (1024K)]
  0x0000029a77290580 WorkerThread "GC Thread#3"                     [id=4372, stack(0x000000cab2900000,0x000000cab2a00000) (1024K)]
  0x0000029a6272bb20 ConcurrentGCThread "G1 Main Marker"            [id=3180, stack(0x000000cab1500000,0x000000cab1600000) (1024K)]
  0x0000029a6272c530 WorkerThread "G1 Conc#0"                       [id=8084, stack(0x000000cab1600000,0x000000cab1700000) (1024K)]
  0x0000029a72738510 ConcurrentGCThread "G1 Refine#0"               [id=10936, stack(0x000000cab1700000,0x000000cab1800000) (1024K)]
  0x0000029a6277e050 ConcurrentGCThread "G1 Service"                [id=13648, stack(0x000000cab1800000,0x000000cab1900000) (1024K)]
Total: 10

Threads with active compile tasks:
Total: 0

VM state: at safepoint (normal execution)

VM Mutex/Monitor currently owned by a thread:  ([mutex/lock_event])
[0x00007ffe6c3cc320] Threads_lock - owner thread: 0x0000029a7287cae0
[0x00007ffe6c3cc420] Heap_lock - owner thread: 0x0000029a626c56c0

Heap address: 0x0000000082800000, size: 2008 MB, Compressed Oops mode: 32-bit

CDS archive(s) mapped at: [0x0000029a00000000-0x0000029a00c80000-0x0000029a00c80000), size 13107200, SharedBaseAddress: 0x0000029a00000000, ArchiveRelocationMode: 1.
Compressed class space mapped at: 0x0000029a01000000-0x0000029a41000000, reserved size: 1073741824
Narrow klass base: 0x0000029a00000000, Narrow klass shift: 0, Narrow klass range: 0x100000000

GC Precious Log:
 CardTable entry size: 512
 Card Set container configuration: InlinePtr #cards 5 size 8 Array Of Cards #cards 12 size 40 Howl #buckets 4 coarsen threshold 1843 Howl Bitmap #cards 512 size 80 coarsen threshold 460 Card regions per heap region 1 cards per card region 2048
 CPUs: 4 total, 4 available
 Memory: 8031M
 Large Page Support: Disabled
 NUMA Support: Disabled
 Compressed Oops: Enabled (32-bit)
 Heap Region Size: 1M
 Heap Min Capacity: 8M
 Heap Initial Capacity: 126M
 Heap Max Capacity: 2008M
 Pre-touch: Disabled
 Parallel Workers: 4
 Concurrent Workers: 1
 Concurrent Refinement Workers: 4
 Periodic GC: Disabled

Heap:
 garbage-first heap   total 133120K, used 75470K [0x0000000082800000, 0x0000000100000000)
  region size 1024K, 3 young (3072K), 3 survivors (3072K)
 Metaspace       used 74103K, committed 75008K, reserved 1114112K
  class space    used 10617K, committed 11008K, reserved 1048576K

Heap Regions: E=young(eden), S=young(survivor), O=old, HS=humongous(starts), HC=humongous(continues), CS=collection set, F=free, TAMS=top-at-mark-start, PB=parsable bottom
|   0|0x0000000082800000, 0x0000000082900000, 0x0000000082900000|100%|HS|  |TAMS 0x0000000082800000| PB 0x0000000082800000| Complete 
|   1|0x0000000082900000, 0x0000000082a00000, 0x0000000082a00000|100%| O|  |TAMS 0x0000000082900000| PB 0x0000000082900000| Untracked 
|   2|0x0000000082a00000, 0x0000000082b00000, 0x0000000082b00000|100%| O|  |TAMS 0x0000000082a00000| PB 0x0000000082a00000| Untracked 
|   3|0x0000000082b00000, 0x0000000082c00000, 0x0000000082c00000|100%| O|  |TAMS 0x0000000082b00000| PB 0x0000000082b00000| Untracked 
|   4|0x0000000082c00000, 0x0000000082d00000, 0x0000000082d00000|100%| O|  |TAMS 0x0000000082c00000| PB 0x0000000082c00000| Untracked 
|   5|0x0000000082d00000, 0x0000000082e00000, 0x0000000082e00000|100%| O|  |TAMS 0x0000000082d00000| PB 0x0000000082d00000| Untracked 
|   6|0x0000000082e00000, 0x0000000082f00000, 0x0000000082f00000|100%| O|  |TAMS 0x0000000082e00000| PB 0x0000000082e00000| Untracked 
|   7|0x0000000082f00000, 0x0000000083000000, 0x0000000083000000|100%| O|  |TAMS 0x0000000082f00000| PB 0x0000000082f00000| Untracked 
|   8|0x0000000083000000, 0x0000000083100000, 0x0000000083100000|100%| O|  |TAMS 0x0000000083000000| PB 0x0000000083000000| Untracked 
|   9|0x0000000083100000, 0x0000000083200000, 0x0000000083200000|100%| O|  |TAMS 0x0000000083100000| PB 0x0000000083100000| Untracked 
|  10|0x0000000083200000, 0x0000000083300000, 0x0000000083300000|100%| O|  |TAMS 0x0000000083200000| PB 0x0000000083200000| Untracked 
|  11|0x0000000083300000, 0x0000000083400000, 0x0000000083400000|100%| O|  |TAMS 0x0000000083300000| PB 0x0000000083300000| Untracked 
|  12|0x0000000083400000, 0x0000000083500000, 0x0000000083500000|100%| O|  |TAMS 0x0000000083400000| PB 0x0000000083400000| Untracked 
|  13|0x0000000083500000, 0x0000000083600000, 0x0000000083600000|100%| O|  |TAMS 0x0000000083500000| PB 0x0000000083500000| Untracked 
|  14|0x0000000083600000, 0x0000000083700000, 0x0000000083700000|100%| O|  |TAMS 0x0000000083600000| PB 0x0000000083600000| Untracked 
|  15|0x0000000083700000, 0x0000000083800000, 0x0000000083800000|100%| O|  |TAMS 0x0000000083700000| PB 0x0000000083700000| Untracked 
|  16|0x0000000083800000, 0x0000000083900000, 0x0000000083900000|100%| O|  |TAMS 0x0000000083800000| PB 0x0000000083800000| Untracked 
|  17|0x0000000083900000, 0x0000000083a00000, 0x0000000083a00000|100%| O|  |TAMS 0x0000000083900000| PB 0x0000000083900000| Untracked 
|  18|0x0000000083a00000, 0x0000000083b00000, 0x0000000083b00000|100%| O|  |TAMS 0x0000000083a00000| PB 0x0000000083a00000| Untracked 
|  19|0x0000000083b00000, 0x0000000083c00000, 0x0000000083c00000|100%| O|  |TAMS 0x0000000083b00000| PB 0x0000000083b00000| Untracked 
|  20|0x0000000083c00000, 0x0000000083d00000, 0x0000000083d00000|100%| O|  |TAMS 0x0000000083c00000| PB 0x0000000083c00000| Untracked 
|  21|0x0000000083d00000, 0x0000000083e00000, 0x0000000083e00000|100%| O|  |TAMS 0x0000000083d00000| PB 0x0000000083d00000| Untracked 
|  22|0x0000000083e00000, 0x0000000083f00000, 0x0000000083f00000|100%| O|  |TAMS 0x0000000083e00000| PB 0x0000000083e00000| Untracked 
|  23|0x0000000083f00000, 0x0000000084000000, 0x0000000084000000|100%| O|  |TAMS 0x0000000083f00000| PB 0x0000000083f00000| Untracked 
|  24|0x0000000084000000, 0x0000000084100000, 0x0000000084100000|100%| O|  |TAMS 0x0000000084000000| PB 0x0000000084000000| Untracked 
|  25|0x0000000084100000, 0x0000000084200000, 0x0000000084200000|100%| O|  |TAMS 0x0000000084100000| PB 0x0000000084100000| Untracked 
|  26|0x0000000084200000, 0x0000000084300000, 0x0000000084300000|100%| O|  |TAMS 0x0000000084200000| PB 0x0000000084200000| Untracked 
|  27|0x0000000084300000, 0x0000000084400000, 0x0000000084400000|100%| O|  |TAMS 0x0000000084300000| PB 0x0000000084300000| Untracked 
|  28|0x0000000084400000, 0x0000000084500000, 0x0000000084500000|100%| O|  |TAMS 0x0000000084400000| PB 0x0000000084400000| Untracked 
|  29|0x0000000084500000, 0x0000000084600000, 0x0000000084600000|100%| O|  |TAMS 0x0000000084500000| PB 0x0000000084500000| Untracked 
|  30|0x0000000084600000, 0x0000000084700000, 0x0000000084700000|100%| O|  |TAMS 0x0000000084600000| PB 0x0000000084600000| Untracked 
|  31|0x0000000084700000, 0x0000000084800000, 0x0000000084800000|100%| O|  |TAMS 0x0000000084700000| PB 0x0000000084700000| Untracked 
|  32|0x0000000084800000, 0x0000000084900000, 0x0000000084900000|100%| O|  |TAMS 0x0000000084800000| PB 0x0000000084800000| Untracked 
|  33|0x0000000084900000, 0x0000000084900000, 0x0000000084a00000|  0%| F|  |TAMS 0x0000000084900000| PB 0x0000000084900000| Untracked 
|  34|0x0000000084a00000, 0x0000000084b00000, 0x0000000084b00000|100%| O|  |TAMS 0x0000000084a00000| PB 0x0000000084a00000| Untracked 
|  35|0x0000000084b00000, 0x0000000084b00000, 0x0000000084c00000|  0%| F|  |TAMS 0x0000000084b00000| PB 0x0000000084b00000| Untracked 
|  36|0x0000000084c00000, 0x0000000084d00000, 0x0000000084d00000|100%| O|  |TAMS 0x0000000084c00000| PB 0x0000000084c00000| Untracked 
|  37|0x0000000084d00000, 0x0000000084e00000, 0x0000000084e00000|100%| O|  |TAMS 0x0000000084d00000| PB 0x0000000084d00000| Untracked 
|  38|0x0000000084e00000, 0x0000000084f00000, 0x0000000084f00000|100%| O|  |TAMS 0x0000000084e00000| PB 0x0000000084e00000| Untracked 
|  39|0x0000000084f00000, 0x0000000085000000, 0x0000000085000000|100%| O|  |TAMS 0x0000000084f00000| PB 0x0000000084f00000| Untracked 
|  40|0x0000000085000000, 0x0000000085000000, 0x0000000085100000|  0%| F|  |TAMS 0x0000000085000000| PB 0x0000000085000000| Untracked 
|  41|0x0000000085100000, 0x0000000085200000, 0x0000000085200000|100%| O|  |TAMS 0x0000000085100000| PB 0x0000000085100000| Untracked 
|  42|0x0000000085200000, 0x0000000085200000, 0x0000000085300000|  0%| F|  |TAMS 0x0000000085200000| PB 0x0000000085200000| Untracked 
|  43|0x0000000085300000, 0x0000000085400000, 0x0000000085400000|100%| O|  |TAMS 0x0000000085300000| PB 0x0000000085300000| Untracked 
|  44|0x0000000085400000, 0x0000000085500000, 0x0000000085500000|100%| O|  |TAMS 0x0000000085400000| PB 0x0000000085400000| Untracked 
|  45|0x0000000085500000, 0x0000000085600000, 0x0000000085600000|100%| O|  |TAMS 0x0000000085500000| PB 0x0000000085500000| Untracked 
|  46|0x0000000085600000, 0x0000000085700000, 0x0000000085700000|100%| O|  |TAMS 0x0000000085600000| PB 0x0000000085600000| Untracked 
|  47|0x0000000085700000, 0x0000000085800000, 0x0000000085800000|100%| O|  |TAMS 0x0000000085700000| PB 0x0000000085700000| Untracked 
|  48|0x0000000085800000, 0x0000000085900000, 0x0000000085900000|100%| O|  |TAMS 0x0000000085800000| PB 0x0000000085800000| Untracked 
|  49|0x0000000085900000, 0x0000000085a00000, 0x0000000085a00000|100%| O|  |TAMS 0x0000000085900000| PB 0x0000000085900000| Untracked 
|  50|0x0000000085a00000, 0x0000000085b00000, 0x0000000085b00000|100%| O|  |TAMS 0x0000000085a00000| PB 0x0000000085a00000| Untracked 
|  51|0x0000000085b00000, 0x0000000085b00000, 0x0000000085c00000|  0%| F|  |TAMS 0x0000000085b00000| PB 0x0000000085b00000| Untracked 
|  52|0x0000000085c00000, 0x0000000085d00000, 0x0000000085d00000|100%| O|  |TAMS 0x0000000085c00000| PB 0x0000000085c00000| Untracked 
|  53|0x0000000085d00000, 0x0000000085e00000, 0x0000000085e00000|100%| O|  |TAMS 0x0000000085d00000| PB 0x0000000085d00000| Untracked 
|  54|0x0000000085e00000, 0x0000000085f00000, 0x0000000085f00000|100%| O|  |TAMS 0x0000000085e00000| PB 0x0000000085e00000| Untracked 
|  55|0x0000000085f00000, 0x0000000086000000, 0x0000000086000000|100%| O|  |TAMS 0x0000000085f00000| PB 0x0000000085f00000| Untracked 
|  56|0x0000000086000000, 0x0000000086100000, 0x0000000086100000|100%| O|  |TAMS 0x0000000086000000| PB 0x0000000086000000| Untracked 
|  57|0x0000000086100000, 0x0000000086200000, 0x0000000086200000|100%| O|  |TAMS 0x0000000086100000| PB 0x0000000086100000| Untracked 
|  58|0x0000000086200000, 0x0000000086300000, 0x0000000086300000|100%| O|  |TAMS 0x0000000086200000| PB 0x0000000086200000| Untracked 
|  59|0x0000000086300000, 0x0000000086400000, 0x0000000086400000|100%| O|  |TAMS 0x0000000086300000| PB 0x0000000086300000| Untracked 
|  60|0x0000000086400000, 0x0000000086500000, 0x0000000086500000|100%| O|  |TAMS 0x0000000086400000| PB 0x0000000086400000| Untracked 
|  61|0x0000000086500000, 0x0000000086600000, 0x0000000086600000|100%| O|  |TAMS 0x0000000086500000| PB 0x0000000086500000| Untracked 
|  62|0x0000000086600000, 0x0000000086700000, 0x0000000086700000|100%| O|  |TAMS 0x0000000086600000| PB 0x0000000086600000| Untracked 
|  63|0x0000000086700000, 0x0000000086800000, 0x0000000086800000|100%| O|  |TAMS 0x0000000086700000| PB 0x0000000086700000| Untracked 
|  64|0x0000000086800000, 0x0000000086900000, 0x0000000086900000|100%| O|  |TAMS 0x0000000086800000| PB 0x0000000086800000| Untracked 
|  65|0x0000000086900000, 0x0000000086a00000, 0x0000000086a00000|100%| O|  |TAMS 0x0000000086900000| PB 0x0000000086900000| Untracked 
|  66|0x0000000086a00000, 0x0000000086b00000, 0x0000000086b00000|100%| O|  |TAMS 0x0000000086a00000| PB 0x0000000086a00000| Untracked 
|  67|0x0000000086b00000, 0x0000000086c00000, 0x0000000086c00000|100%| O|  |TAMS 0x0000000086b00000| PB 0x0000000086b00000| Untracked 
|  68|0x0000000086c00000, 0x0000000086d00000, 0x0000000086d00000|100%| O|  |TAMS 0x0000000086c00000| PB 0x0000000086c00000| Untracked 
|  69|0x0000000086d00000, 0x0000000086e00000, 0x0000000086e00000|100%| O|  |TAMS 0x0000000086d00000| PB 0x0000000086d00000| Untracked 
|  70|0x0000000086e00000, 0x0000000086f00000, 0x0000000086f00000|100%| O|  |TAMS 0x0000000086e00000| PB 0x0000000086e00000| Untracked 
|  71|0x0000000086f00000, 0x0000000087000000, 0x0000000087000000|100%| O|  |TAMS 0x0000000086f00000| PB 0x0000000086f00000| Untracked 
|  72|0x0000000087000000, 0x00000000870dc200, 0x0000000087100000| 85%| O|  |TAMS 0x0000000087000000| PB 0x0000000087000000| Untracked 
|  73|0x0000000087100000, 0x0000000087100000, 0x0000000087200000|  0%| F|  |TAMS 0x0000000087100000| PB 0x0000000087100000| Untracked 
|  74|0x0000000087200000, 0x0000000087200000, 0x0000000087300000|  0%| F|  |TAMS 0x0000000087200000| PB 0x0000000087200000| Untracked 
|  75|0x0000000087300000, 0x0000000087300000, 0x0000000087400000|  0%| F|  |TAMS 0x0000000087300000| PB 0x0000000087300000| Untracked 
|  76|0x0000000087400000, 0x0000000087400000, 0x0000000087500000|  0%| F|  |TAMS 0x0000000087400000| PB 0x0000000087400000| Untracked 
|  77|0x0000000087500000, 0x0000000087500000, 0x0000000087600000|  0%| F|  |TAMS 0x0000000087500000| PB 0x0000000087500000| Untracked 
|  78|0x0000000087600000, 0x0000000087600000, 0x0000000087700000|  0%| F|  |TAMS 0x0000000087600000| PB 0x0000000087600000| Untracked 
|  79|0x0000000087700000, 0x0000000087700000, 0x0000000087800000|  0%| F|  |TAMS 0x0000000087700000| PB 0x0000000087700000| Untracked 
|  80|0x0000000087800000, 0x0000000087800000, 0x0000000087900000|  0%| F|  |TAMS 0x0000000087800000| PB 0x0000000087800000| Untracked 
|  81|0x0000000087900000, 0x0000000087900000, 0x0000000087a00000|  0%| F|  |TAMS 0x0000000087900000| PB 0x0000000087900000| Untracked 
|  82|0x0000000087a00000, 0x0000000087a00000, 0x0000000087b00000|  0%| F|  |TAMS 0x0000000087a00000| PB 0x0000000087a00000| Untracked 
|  83|0x0000000087b00000, 0x0000000087bd7840, 0x0000000087c00000| 84%| S|CS|TAMS 0x0000000087b00000| PB 0x0000000087b00000| Complete 
|  84|0x0000000087c00000, 0x0000000087d00000, 0x0000000087d00000|100%| S|CS|TAMS 0x0000000087c00000| PB 0x0000000087c00000| Complete 
|  85|0x0000000087d00000, 0x0000000087e00000, 0x0000000087e00000|100%| S|CS|TAMS 0x0000000087d00000| PB 0x0000000087d00000| Complete 
|  86|0x0000000087e00000, 0x0000000087e00000, 0x0000000087f00000|  0%| F|  |TAMS 0x0000000087e00000| PB 0x0000000087e00000| Untracked 
|  87|0x0000000087f00000, 0x0000000087f00000, 0x0000000088000000|  0%| F|  |TAMS 0x0000000087f00000| PB 0x0000000087f00000| Untracked 
|  88|0x0000000088000000, 0x0000000088000000, 0x0000000088100000|  0%| F|  |TAMS 0x0000000088000000| PB 0x0000000088000000| Untracked 
|  89|0x0000000088100000, 0x0000000088100000, 0x0000000088200000|  0%| F|  |TAMS 0x0000000088100000| PB 0x0000000088100000| Untracked 
|  90|0x0000000088200000, 0x0000000088200000, 0x0000000088300000|  0%| F|  |TAMS 0x0000000088200000| PB 0x0000000088200000| Untracked 
|  91|0x0000000088300000, 0x0000000088300000, 0x0000000088400000|  0%| F|  |TAMS 0x0000000088300000| PB 0x0000000088300000| Untracked 
|  92|0x0000000088400000, 0x0000000088400000, 0x0000000088500000|  0%| F|  |TAMS 0x0000000088400000| PB 0x0000000088400000| Untracked 
|  93|0x0000000088500000, 0x0000000088500000, 0x0000000088600000|  0%| F|  |TAMS 0x0000000088500000| PB 0x0000000088500000| Untracked 
|  94|0x0000000088600000, 0x0000000088600000, 0x0000000088700000|  0%| F|  |TAMS 0x0000000088600000| PB 0x0000000088600000| Untracked 
|  95|0x0000000088700000, 0x0000000088700000, 0x0000000088800000|  0%| F|  |TAMS 0x0000000088700000| PB 0x0000000088700000| Untracked 
|  96|0x0000000088800000, 0x0000000088800000, 0x0000000088900000|  0%| F|  |TAMS 0x0000000088800000| PB 0x0000000088800000| Untracked 
|  97|0x0000000088900000, 0x0000000088900000, 0x0000000088a00000|  0%| F|  |TAMS 0x0000000088900000| PB 0x0000000088900000| Untracked 
|  98|0x0000000088a00000, 0x0000000088a00000, 0x0000000088b00000|  0%| F|  |TAMS 0x0000000088a00000| PB 0x0000000088a00000| Untracked 
|  99|0x0000000088b00000, 0x0000000088b00000, 0x0000000088c00000|  0%| F|  |TAMS 0x0000000088b00000| PB 0x0000000088b00000| Untracked 
| 100|0x0000000088c00000, 0x0000000088c00000, 0x0000000088d00000|  0%| F|  |TAMS 0x0000000088c00000| PB 0x0000000088c00000| Untracked 
| 101|0x0000000088d00000, 0x0000000088d00000, 0x0000000088e00000|  0%| F|  |TAMS 0x0000000088d00000| PB 0x0000000088d00000| Untracked 
| 102|0x0000000088e00000, 0x0000000088e00000, 0x0000000088f00000|  0%| F|  |TAMS 0x0000000088e00000| PB 0x0000000088e00000| Untracked 
| 103|0x0000000088f00000, 0x0000000088f00000, 0x0000000089000000|  0%| F|  |TAMS 0x0000000088f00000| PB 0x0000000088f00000| Untracked 
| 104|0x0000000089000000, 0x0000000089000000, 0x0000000089100000|  0%| F|  |TAMS 0x0000000089000000| PB 0x0000000089000000| Untracked 
| 105|0x0000000089100000, 0x0000000089100000, 0x0000000089200000|  0%| F|  |TAMS 0x0000000089100000| PB 0x0000000089100000| Untracked 
| 106|0x0000000089200000, 0x0000000089200000, 0x0000000089300000|  0%| F|  |TAMS 0x0000000089200000| PB 0x0000000089200000| Untracked 
| 107|0x0000000089300000, 0x0000000089300000, 0x0000000089400000|  0%| F|  |TAMS 0x0000000089300000| PB 0x0000000089300000| Untracked 
| 108|0x0000000089400000, 0x0000000089400000, 0x0000000089500000|  0%| F|  |TAMS 0x0000000089400000| PB 0x0000000089400000| Untracked 
| 109|0x0000000089500000, 0x0000000089500000, 0x0000000089600000|  0%| F|  |TAMS 0x0000000089500000| PB 0x0000000089500000| Untracked 
| 110|0x0000000089600000, 0x0000000089600000, 0x0000000089700000|  0%| F|  |TAMS 0x0000000089600000| PB 0x0000000089600000| Untracked 
| 111|0x0000000089700000, 0x0000000089700000, 0x0000000089800000|  0%| F|  |TAMS 0x0000000089700000| PB 0x0000000089700000| Untracked 
| 112|0x0000000089800000, 0x0000000089800000, 0x0000000089900000|  0%| F|  |TAMS 0x0000000089800000| PB 0x0000000089800000| Untracked 
| 113|0x0000000089900000, 0x0000000089900000, 0x0000000089a00000|  0%| F|  |TAMS 0x0000000089900000| PB 0x0000000089900000| Untracked 
| 114|0x0000000089a00000, 0x0000000089a00000, 0x0000000089b00000|  0%| F|  |TAMS 0x0000000089a00000| PB 0x0000000089a00000| Untracked 
| 115|0x0000000089b00000, 0x0000000089b00000, 0x0000000089c00000|  0%| F|  |TAMS 0x0000000089b00000| PB 0x0000000089b00000| Untracked 
| 116|0x0000000089c00000, 0x0000000089c00000, 0x0000000089d00000|  0%| F|  |TAMS 0x0000000089c00000| PB 0x0000000089c00000| Untracked 
| 117|0x0000000089d00000, 0x0000000089d00000, 0x0000000089e00000|  0%| F|  |TAMS 0x0000000089d00000| PB 0x0000000089d00000| Untracked 
| 118|0x0000000089e00000, 0x0000000089e00000, 0x0000000089f00000|  0%| F|  |TAMS 0x0000000089e00000| PB 0x0000000089e00000| Untracked 
| 119|0x0000000089f00000, 0x0000000089f00000, 0x000000008a000000|  0%| F|  |TAMS 0x0000000089f00000| PB 0x0000000089f00000| Untracked 
| 120|0x000000008a000000, 0x000000008a000000, 0x000000008a100000|  0%| F|  |TAMS 0x000000008a000000| PB 0x000000008a000000| Untracked 
| 121|0x000000008a100000, 0x000000008a100000, 0x000000008a200000|  0%| F|  |TAMS 0x000000008a100000| PB 0x000000008a100000| Untracked 
| 122|0x000000008a200000, 0x000000008a200000, 0x000000008a300000|  0%| F|  |TAMS 0x000000008a200000| PB 0x000000008a200000| Untracked 
| 123|0x000000008a300000, 0x000000008a300000, 0x000000008a400000|  0%| F|  |TAMS 0x000000008a300000| PB 0x000000008a300000| Untracked 
| 124|0x000000008a400000, 0x000000008a400000, 0x000000008a500000|  0%| F|  |TAMS 0x000000008a400000| PB 0x000000008a400000| Untracked 
| 125|0x000000008a500000, 0x000000008a500000, 0x000000008a600000|  0%| F|  |TAMS 0x000000008a500000| PB 0x000000008a500000| Untracked 
|2004|0x00000000ffc00000, 0x00000000ffd00000, 0x00000000ffd00000|100%| O|  |TAMS 0x00000000ffc00000| PB 0x00000000ffc00000| Untracked 
|2005|0x00000000ffd00000, 0x00000000ffe00000, 0x00000000ffe00000|100%| O|  |TAMS 0x00000000ffd00000| PB 0x00000000ffd00000| Untracked 
|2006|0x00000000ffe00000, 0x00000000fff00000, 0x00000000fff00000|100%| O|  |TAMS 0x00000000ffe00000| PB 0x00000000ffe00000| Untracked 
|2007|0x00000000fff00000, 0x00000000fff00000, 0x0000000100000000|  0%| F|  |TAMS 0x00000000fff00000| PB 0x00000000fff00000| Untracked 

Card table byte_map: [0x0000029a6e190000,0x0000029a6e580000] _byte_map_base: 0x0000029a6dd7c000

Marking Bits: (CMBitMap*) 0x0000029a6271b740
 Bits: [0x0000029a6e580000, 0x0000029a704e0000)

Polling page: 0x0000029a60820000

Metaspace:

Usage:
  Non-class:     62.00 MB used.
      Class:     10.37 MB used.
       Both:     72.37 MB used.

Virtual space:
  Non-class space:       64.00 MB reserved,      62.50 MB ( 98%) committed,  1 nodes.
      Class space:        1.00 GB reserved,      10.75 MB (  1%) committed,  1 nodes.
             Both:        1.06 GB reserved,      73.25 MB (  7%) committed. 

Chunk freelists:
   Non-Class:  1.29 MB
       Class:  5.19 MB
        Both:  6.48 MB

MaxMetaspaceSize: unlimited
CompressedClassSpaceSize: 1.00 GB
Initial GC threshold: 21.00 MB
Current GC threshold: 112.94 MB
CDS: on
 - commit_granule_bytes: 65536.
 - commit_granule_words: 8192.
 - virtual_space_node_default_size: 8388608.
 - enlarge_chunks_in_place: 1.
 - use_allocation_guard: 0.


Internal statistics:

num_allocs_failed_limit: 12.
num_arena_births: 1416.
num_arena_deaths: 14.
num_vsnodes_births: 2.
num_vsnodes_deaths: 0.
num_space_committed: 1172.
num_space_uncommitted: 0.
num_chunks_returned_to_freelist: 31.
num_chunks_taken_from_freelist: 4164.
num_chunk_merges: 9.
num_chunk_splits: 2993.
num_chunks_enlarged: 2248.
num_inconsistent_stats: 0.

CodeCache: size=49152Kb used=13947Kb max_used=13947Kb free=35204Kb
 bounds [0x0000029a6ada0000, 0x0000029a6bb40000, 0x0000029a6dda0000]
 total_blobs=7895 nmethods=7171 adapters=643
 compilation: enabled
              stopped_count=0, restarted_count=0
 full_count=0

Compilation events (20 events):
Event: 15.994 Thread 0x0000029a72a34c90 7283       1       java.util.Date::getTimeImpl (27 bytes)
Event: 15.994 Thread 0x0000029a72a345f0 nmethod 7282 0x0000029a6bb3b710 code [0x0000029a6bb3b8c0, 0x0000029a6bb3b9d8]
Event: 15.994 Thread 0x0000029a72a345f0 7284       1       org.hibernate.sql.results.jdbc.internal.DeferredResultSetAccess::getResultSet (16 bytes)
Event: 15.994 Thread 0x0000029a72a34c90 nmethod 7283 0x0000029a6bb3ba90 code [0x0000029a6bb3bc40, 0x0000029a6bb3bd58]
Event: 15.994 Thread 0x0000029a72a345f0 nmethod 7284 0x0000029a6bb3be10 code [0x0000029a6bb3bfc0, 0x0000029a6bb3c0c0]
Event: 15.995 Thread 0x0000029a72a345f0 7285       1       com.mysql.cj.NativeQueryBindings::getBindValues (5 bytes)
Event: 15.995 Thread 0x0000029a72a34c90 7286       1       com.mysql.cj.QueryInfo::getStaticSqlParts (5 bytes)
Event: 15.995 Thread 0x0000029a72a345f0 nmethod 7285 0x0000029a6bb3c190 code [0x0000029a6bb3c320, 0x0000029a6bb3c3e8]
Event: 15.995 Thread 0x0000029a72a34c90 nmethod 7286 0x0000029a6bb3c490 code [0x0000029a6bb3c620, 0x0000029a6bb3c6e8]
Event: 15.995 Thread 0x0000029a7289ff30 nmethod 7280 0x0000029a6bb3c790 code [0x0000029a6bb3ca60, 0x0000029a6bb3d798]
Event: 15.997 Thread 0x0000029a72a345f0 7287       1       com.mysql.cj.ClientPreparedQuery::setOriginalSql (6 bytes)
Event: 15.997 Thread 0x0000029a72a34c90 7288       1       com.mysql.cj.ClientPreparedQuery::setQueryBindings (6 bytes)
Event: 15.997 Thread 0x0000029a72a345f0 nmethod 7287 0x0000029a6bb3df10 code [0x0000029a6bb3e0a0, 0x0000029a6bb3e1b0]
Event: 15.997 Thread 0x0000029a72a34c90 nmethod 7288 0x0000029a6bb3e210 code [0x0000029a6bb3e3a0, 0x0000029a6bb3e4b0]
Event: 15.997 Thread 0x0000029a72a34c90 7289       1       org.hibernate.engine.internal.EntityEntryContext$ManagedEntityImpl::$$_hibernate_getEntityInstance (5 bytes)
Event: 15.997 Thread 0x0000029a7289ff30 7290       1       org.hibernate.engine.internal.EntityEntryContext$EntityEntryCrossRefImpl::getEntityEntry (5 bytes)
Event: 15.997 Thread 0x0000029a72a345f0 7291       1       org.hibernate.engine.internal.EntityEntryContext$EntityEntryCrossRefImpl::getEntity (5 bytes)
Event: 15.997 Thread 0x0000029a72a34c90 nmethod 7289 0x0000029a6bb3e510 code [0x0000029a6bb3e6a0, 0x0000029a6bb3e768]
Event: 15.997 Thread 0x0000029a7289ff30 nmethod 7290 0x0000029a6bb3e810 code [0x0000029a6bb3e9a0, 0x0000029a6bb3ea68]
Event: 15.997 Thread 0x0000029a72a345f0 nmethod 7291 0x0000029a6bb3eb10 code [0x0000029a6bb3eca0, 0x0000029a6bb3ed68]

GC Heap History (20 events):
Event: 12.824 GC heap after
{Heap after GC invocations=16 (full 0):
 garbage-first heap   total 66560K, used 30903K [0x0000000082800000, 0x0000000100000000)
  region size 1024K, 3 young (3072K), 3 survivors (3072K)
 Metaspace       used 63730K, committed 64448K, reserved 1114112K
  class space    used 9152K, committed 9472K, reserved 1048576K
}
Event: 13.256 GC heap before
{Heap before GC invocations=16 (full 0):
 garbage-first heap   total 66560K, used 58551K [0x0000000082800000, 0x0000000100000000)
  region size 1024K, 30 young (30720K), 3 survivors (3072K)
 Metaspace       used 65572K, committed 66432K, reserved 1114112K
  class space    used 9402K, committed 9792K, reserved 1048576K
}
Event: 13.264 GC heap after
{Heap after GC invocations=17 (full 0):
 garbage-first heap   total 66560K, used 31990K [0x0000000082800000, 0x0000000100000000)
  region size 1024K, 4 young (4096K), 4 survivors (4096K)
 Metaspace       used 65572K, committed 66432K, reserved 1114112K
  class space    used 9402K, committed 9792K, reserved 1048576K
}
Event: 13.837 GC heap before
{Heap before GC invocations=17 (full 0):
 garbage-first heap   total 66560K, used 57590K [0x0000000082800000, 0x0000000100000000)
  region size 1024K, 29 young (29696K), 4 survivors (4096K)
 Metaspace       used 68355K, committed 69248K, reserved 1114112K
  class space    used 9774K, committed 10176K, reserved 1048576K
}
Event: 13.845 GC heap after
{Heap after GC invocations=18 (full 0):
 garbage-first heap   total 66560K, used 34567K [0x0000000082800000, 0x0000000100000000)
  region size 1024K, 4 young (4096K), 4 survivors (4096K)
 Metaspace       used 68355K, committed 69248K, reserved 1114112K
  class space    used 9774K, committed 10176K, reserved 1048576K
}
Event: 13.903 GC heap before
{Heap before GC invocations=18 (full 0):
 garbage-first heap   total 66560K, used 37639K [0x0000000082800000, 0x0000000100000000)
  region size 1024K, 8 young (8192K), 4 survivors (4096K)
 Metaspace       used 68504K, committed 69376K, reserved 1114112K
  class space    used 9791K, committed 10176K, reserved 1048576K
}
Event: 13.909 GC heap after
{Heap after GC invocations=19 (full 0):
 garbage-first heap   total 66560K, used 35118K [0x0000000082800000, 0x0000000100000000)
  region size 1024K, 1 young (1024K), 1 survivors (1024K)
 Metaspace       used 68504K, committed 69376K, reserved 1114112K
  class space    used 9791K, committed 10176K, reserved 1048576K
}
Event: 14.060 GC heap before
{Heap before GC invocations=19 (full 0):
 garbage-first heap   total 66560K, used 59694K [0x0000000082800000, 0x0000000100000000)
  region size 1024K, 25 young (25600K), 1 survivors (1024K)
 Metaspace       used 68504K, committed 69376K, reserved 1114112K
  class space    used 9791K, committed 10176K, reserved 1048576K
}
Event: 14.065 GC heap after
{Heap after GC invocations=20 (full 0):
 garbage-first heap   total 67584K, used 40085K [0x0000000082800000, 0x0000000100000000)
  region size 1024K, 4 young (4096K), 4 survivors (4096K)
 Metaspace       used 68504K, committed 69376K, reserved 1114112K
  class space    used 9791K, committed 10176K, reserved 1048576K
}
Event: 14.181 GC heap before
{Heap before GC invocations=21 (full 0):
 garbage-first heap   total 67584K, used 58517K [0x0000000082800000, 0x0000000100000000)
  region size 1024K, 22 young (22528K), 4 survivors (4096K)
 Metaspace       used 68557K, committed 69440K, reserved 1114112K
  class space    used 9805K, committed 10176K, reserved 1048576K
}
Event: 14.192 GC heap after
{Heap after GC invocations=22 (full 0):
 garbage-first heap   total 118784K, used 47685K [0x0000000082800000, 0x0000000100000000)
  region size 1024K, 3 young (3072K), 3 survivors (3072K)
 Metaspace       used 68557K, committed 69440K, reserved 1114112K
  class space    used 9805K, committed 10176K, reserved 1048576K
}
Event: 14.389 GC heap before
{Heap before GC invocations=22 (full 0):
 garbage-first heap   total 118784K, used 97861K [0x0000000082800000, 0x0000000100000000)
  region size 1024K, 52 young (53248K), 3 survivors (3072K)
 Metaspace       used 68571K, committed 69440K, reserved 1114112K
  class space    used 9809K, committed 10176K, reserved 1048576K
}
Event: 14.412 GC heap after
{Heap after GC invocations=23 (full 0):
 garbage-first heap   total 118784K, used 61440K [0x0000000082800000, 0x0000000100000000)
  region size 1024K, 7 young (7168K), 7 survivors (7168K)
 Metaspace       used 68571K, committed 69440K, reserved 1114112K
  class space    used 9809K, committed 10176K, reserved 1048576K
}
Event: 14.525 GC heap before
{Heap before GC invocations=23 (full 0):
 garbage-first heap   total 118784K, used 86016K [0x0000000082800000, 0x0000000100000000)
  region size 1024K, 33 young (33792K), 7 survivors (7168K)
 Metaspace       used 68571K, committed 69440K, reserved 1114112K
  class space    used 9809K, committed 10176K, reserved 1048576K
}
Event: 14.539 GC heap after
{Heap after GC invocations=24 (full 0):
 garbage-first heap   total 118784K, used 68383K [0x0000000082800000, 0x0000000100000000)
  region size 1024K, 6 young (6144K), 6 survivors (6144K)
 Metaspace       used 68571K, committed 69440K, reserved 1114112K
  class space    used 9809K, committed 10176K, reserved 1048576K
}
Event: 14.647 GC heap before
{Heap before GC invocations=24 (full 0):
 garbage-first heap   total 118784K, used 99103K [0x0000000082800000, 0x0000000100000000)
  region size 1024K, 36 young (36864K), 6 survivors (6144K)
 Metaspace       used 68571K, committed 69440K, reserved 1114112K
  class space    used 9809K, committed 10176K, reserved 1048576K
}
Event: 14.658 GC heap after
{Heap after GC invocations=25 (full 0):
 garbage-first heap   total 118784K, used 76174K [0x0000000082800000, 0x0000000100000000)
  region size 1024K, 5 young (5120K), 5 survivors (5120K)
 Metaspace       used 68571K, committed 69440K, reserved 1114112K
  class space    used 9809K, committed 10176K, reserved 1048576K
}
Event: 15.176 GC heap before
{Heap before GC invocations=26 (full 0):
 garbage-first heap   total 122880K, used 97678K [0x0000000082800000, 0x0000000100000000)
  region size 1024K, 29 young (29696K), 5 survivors (5120K)
 Metaspace       used 70263K, committed 71168K, reserved 1114112K
  class space    used 10087K, committed 10496K, reserved 1048576K
}
Event: 15.186 GC heap after
{Heap after GC invocations=27 (full 0):
 garbage-first heap   total 122880K, used 78230K [0x0000000082800000, 0x0000000100000000)
  region size 1024K, 4 young (4096K), 4 survivors (4096K)
 Metaspace       used 70263K, committed 71168K, reserved 1114112K
  class space    used 10087K, committed 10496K, reserved 1048576K
}
Event: 15.999 GC heap before
{Heap before GC invocations=27 (full 0):
 garbage-first heap   total 122880K, used 103830K [0x0000000082800000, 0x0000000100000000)
  region size 1024K, 30 young (30720K), 4 survivors (4096K)
 Metaspace       used 74103K, committed 75008K, reserved 1114112K
  class space    used 10617K, committed 11008K, reserved 1048576K
}

Dll operation events (12 events):
Event: 0.029 Loaded shared library C:\Users\Youssef\.jdks\corretto-21.0.5\bin\java.dll
Event: 0.423 Loaded shared library C:\Users\Youssef\.jdks\corretto-21.0.5\bin\zip.dll
Event: 0.435 Loaded shared library C:\Users\Youssef\.jdks\corretto-21.0.5\bin\instrument.dll
Event: 0.445 Loaded shared library C:\Users\Youssef\.jdks\corretto-21.0.5\bin\net.dll
Event: 0.508 Loaded shared library C:\Users\Youssef\.jdks\corretto-21.0.5\bin\nio.dll
Event: 0.515 Loaded shared library C:\Users\Youssef\.jdks\corretto-21.0.5\bin\zip.dll
Event: 0.681 Loaded shared library C:\Users\Youssef\.jdks\corretto-21.0.5\bin\jimage.dll
Event: 1.408 Loaded shared library C:\Users\Youssef\.jdks\corretto-21.0.5\bin\extnet.dll
Event: 1.429 Loaded shared library C:\Users\Youssef\.jdks\corretto-21.0.5\bin\management.dll
Event: 1.461 Loaded shared library C:\Users\Youssef\.jdks\corretto-21.0.5\bin\management_ext.dll
Event: 4.816 Loaded shared library C:\Users\Youssef\.jdks\corretto-21.0.5\bin\sunmscapi.dll
Event: 8.563 Loaded shared library C:\Users\Youssef\.jdks\corretto-21.0.5\bin\verify.dll

Deoptimization events (6 events):
Event: 7.193 Thread 0x0000029a626c56c0 DEOPT PACKING pc=0x0000029a6b546a0c sp=0x000000cab13fcf00
Event: 7.193 Thread 0x0000029a626c56c0 DEOPT UNPACKING pc=0x0000029a6adf4e42 sp=0x000000cab13fc3b8 mode 0
Event: 11.905 Thread 0x0000029a626c56c0 DEOPT PACKING pc=0x0000029a6b37de39 sp=0x000000cab13fc7b0
Event: 11.905 Thread 0x0000029a626c56c0 DEOPT UNPACKING pc=0x0000029a6adf4e42 sp=0x000000cab13fbcb8 mode 3
Event: 12.040 Thread 0x0000029a626c56c0 DEOPT PACKING pc=0x0000029a6b3a4814 sp=0x000000cab13fcdb0
Event: 12.040 Thread 0x0000029a626c56c0 DEOPT UNPACKING pc=0x0000029a6adf4e42 sp=0x000000cab13fc308 mode 0

Classes loaded (20 events):
Event: 15.449 Loading class sun/nio/ch/SinkChannelImpl
Event: 15.449 Loading class java/nio/channels/Pipe$SinkChannel
Event: 15.449 Loading class java/nio/channels/Pipe$SinkChannel done
Event: 15.449 Loading class sun/nio/ch/SinkChannelImpl done
Event: 15.451 Loading class java/nio/channels/spi/AbstractSelector$1
Event: 15.451 Loading class java/nio/channels/spi/AbstractSelector$1 done
Event: 15.453 Loading class java/util/TreeMap$ValueSpliterator
Event: 15.454 Loading class java/util/TreeMap$TreeMapSpliterator
Event: 15.454 Loading class java/util/TreeMap$TreeMapSpliterator done
Event: 15.454 Loading class java/util/TreeMap$ValueSpliterator done
Event: 15.470 Loading class java/util/IdentityHashMap$KeySpliterator
Event: 15.470 Loading class java/util/IdentityHashMap$IdentityHashMapSpliterator
Event: 15.470 Loading class java/util/IdentityHashMap$IdentityHashMapSpliterator done
Event: 15.470 Loading class java/util/IdentityHashMap$KeySpliterator done
Event: 15.704 Loading class java/lang/Math$RandomNumberGeneratorHolder
Event: 15.704 Loading class java/lang/Math$RandomNumberGeneratorHolder done
Event: 15.740 Loading class jdk/internal/reflect/MethodHandleDoubleFieldAccessorImpl
Event: 15.741 Loading class jdk/internal/reflect/MethodHandleDoubleFieldAccessorImpl done
Event: 15.827 Loading class jdk/internal/math/FDBigInteger
Event: 15.827 Loading class jdk/internal/math/FDBigInteger done

Classes unloaded (7 events):
Event: 8.590 Thread 0x0000029a7287cae0 Unloading class 0x0000029a010d9000 'jdk/internal/reflect/GeneratedSerializationConstructorAccessor12'
Event: 8.590 Thread 0x0000029a7287cae0 Unloading class 0x0000029a010d8000 'jdk/internal/reflect/GeneratedSerializationConstructorAccessor8'
Event: 8.590 Thread 0x0000029a7287cae0 Unloading class 0x0000029a010cf400 'java/lang/invoke/LambdaForm$MH+0x0000029a010cf400'
Event: 8.590 Thread 0x0000029a7287cae0 Unloading class 0x0000029a010cec00 'java/lang/invoke/LambdaForm$MH+0x0000029a010cec00'
Event: 8.590 Thread 0x0000029a7287cae0 Unloading class 0x0000029a010ce400 'java/lang/invoke/LambdaForm$MH+0x0000029a010ce400'
Event: 8.590 Thread 0x0000029a7287cae0 Unloading class 0x0000029a010ccc00 'java/lang/invoke/LambdaForm$MH+0x0000029a010ccc00'
Event: 8.590 Thread 0x0000029a7287cae0 Unloading class 0x0000029a010cc400 'java/lang/invoke/LambdaForm$MH+0x0000029a010cc400'

Classes redefined (0 events):
No events

Internal exceptions (20 events):
Event: 15.124 Thread 0x0000029a626c56c0 Exception <a 'java/lang/NoSuchMethodError'{0x00000000886e7100}: 'int java.lang.invoke.DirectMethodHandle$Holder.invokeStaticInit(java.lang.Object, java.lang.Object, java.lang.Object, java.lang.Object)'> (0x00000000886e7100) 
thrown [s\src\hotspot\share\interpreter\linkResolver.cpp, line 773]
Event: 15.163 Thread 0x0000029a626c56c0 Exception <a 'java/lang/NoSuchMethodError'{0x0000000088472810}: 'java.lang.Object java.lang.invoke.DirectMethodHandle$Holder.invokeVirtual(java.lang.Object, java.lang.Object, java.lang.Object, java.lang.Object, java.lang.Object, java.lang.Object, java.lang.Object, java.lang.Object, java.lang.Object)'> (0x0000000088472810) 
thrown [s\src\hotspot\share\interpreter\linkResolver.cpp, line 773]
Event: 15.222 Thread 0x0000029a626c56c0 Exception <a 'java/lang/NoSuchMethodError'{0x000000008a4568a8}: 'java.lang.Object java.lang.invoke.DirectMethodHandle$Holder.invokeVirtual(java.lang.Object, java.lang.Object, java.lang.Object, java.lang.Object, java.lang.Object, java.lang.Object, java.lang.Object, java.lang.Object, java.lang.Object, java.lang.Object)'> (0x000000008a4568a8) 
thrown [s\src\hotspot\share\interpreter\linkResolver.cpp, line 773]
Event: 15.314 Thread 0x0000029a626c56c0 Exception <a 'java/lang/IncompatibleClassChangeError'{0x0000000089537230}: Found class java.lang.Object, but interface was expected> (0x0000000089537230) 
thrown [s\src\hotspot\share\interpreter\linkResolver.cpp, line 840]
Event: 15.426 Thread 0x0000029a626c56c0 Exception <a 'java/lang/NoSuchMethodError'{0x0000000088ebf458}: 'java.lang.Object java.lang.invoke.DirectMethodHandle$Holder.newInvokeSpecial(java.lang.Object, java.lang.Object, int, java.lang.Object, java.lang.Object)'> (0x0000000088ebf458) 
thrown [s\src\hotspot\share\interpreter\linkResolver.cpp, line 773]
Event: 15.426 Thread 0x0000029a626c56c0 Exception <a 'java/lang/NoSuchMethodError'{0x0000000088eca570}: 'java.lang.Object java.lang.invoke.DirectMethodHandle$Holder.invokeSpecial(java.lang.Object, java.lang.Object, int, java.lang.Object, int, java.lang.Object)'> (0x0000000088eca570) 
thrown [s\src\hotspot\share\interpreter\linkResolver.cpp, line 773]
Event: 15.427 Thread 0x0000029a626c56c0 Exception <a 'java/lang/NoSuchMethodError'{0x0000000088ed1960}: 'java.lang.Object java.lang.invoke.DirectMethodHandle$Holder.newInvokeSpecial(java.lang.Object, java.lang.Object, int, java.lang.Object, int)'> (0x0000000088ed1960) 
thrown [s\src\hotspot\share\interpreter\linkResolver.cpp, line 773]
Event: 15.427 Thread 0x0000029a626c56c0 Exception <a 'java/lang/NoSuchMethodError'{0x0000000088ed5870}: 'java.lang.Object java.lang.invoke.DirectMethodHandle$Holder.invokeSpecial(java.lang.Object, java.lang.Object, java.lang.Object, int, java.lang.Object, int)'> (0x0000000088ed5870) 
thrown [s\src\hotspot\share\interpreter\linkResolver.cpp, line 773]
Event: 15.517 Thread 0x0000029a626c56c0 Exception <a 'java/lang/NoSuchMethodError'{0x0000000088be3558}: 'int java.lang.invoke.DirectMethodHandle$Holder.invokeStatic(java.lang.Object, java.lang.Object, int, int)'> (0x0000000088be3558) 
thrown [s\src\hotspot\share\interpreter\linkResolver.cpp, line 773]
Event: 15.591 Thread 0x0000029a626c56c0 Exception <a 'java/lang/NoSuchMethodError'{0x00000000889e6120}: 'java.lang.Object java.lang.invoke.DirectMethodHandle$Holder.invokeInterface(java.lang.Object, java.lang.Object, java.lang.Object, java.lang.Object)'> (0x00000000889e6120) 
thrown [s\src\hotspot\share\interpreter\linkResolver.cpp, line 773]
Event: 15.692 Thread 0x0000029a626c56c0 Exception <a 'java/lang/IncompatibleClassChangeError'{0x0000000088580d48}: Found class java.lang.Object, but interface was expected> (0x0000000088580d48) 
thrown [s\src\hotspot\share\interpreter\linkResolver.cpp, line 840]
Event: 15.706 Thread 0x0000029a626c56c0 Exception <a 'java/lang/NoSuchMethodError'{0x00000000885b8308}: 'double java.lang.invoke.DelegatingMethodHandle$Holder.reinvoke_L(java.lang.Object, java.lang.Object, int)'> (0x00000000885b8308) 
thrown [s\src\hotspot\share\interpreter\linkResolver.cpp, line 773]
Event: 15.706 Thread 0x0000029a626c56c0 Exception <a 'java/lang/NoSuchMethodError'{0x00000000885c2288}: 'java.lang.Object java.lang.invoke.DelegatingMethodHandle$Holder.reinvoke_L(java.lang.Object, java.lang.Object, double, double, java.lang.Object)'> (0x00000000885c2288) 
thrown [s\src\hotspot\share\interpreter\linkResolver.cpp, line 773]
Event: 15.717 Thread 0x0000029a626c56c0 Exception <a 'java/lang/NoSuchMethodError'{0x00000000884113b0}: 'void java.lang.invoke.DirectMethodHandle$Holder.invokeSpecialIFC(java.lang.Object, java.lang.Object, int, java.lang.Object, java.lang.Object, java.lang.Object, java.lang.Object)'> (0x00000000884113b0) 
thrown [s\src\hotspot\share\interpreter\linkResolver.cpp, line 773]
Event: 15.741 Thread 0x0000029a626c56c0 Exception <a 'java/lang/NoSuchMethodError'{0x00000000884627f0}: 'void java.lang.invoke.DelegatingMethodHandle$Holder.reinvoke_L(java.lang.Object, java.lang.Object, double)'> (0x00000000884627f0) 
thrown [s\src\hotspot\share\interpreter\linkResolver.cpp, line 773]
Event: 15.742 Thread 0x0000029a626c56c0 Exception <a 'java/lang/NoSuchMethodError'{0x0000000088469700}: 'double java.lang.invoke.Invokers$Holder.invokeExact_MT(java.lang.Object, java.lang.Object, java.lang.Object)'> (0x0000000088469700) 
thrown [s\src\hotspot\share\interpreter\linkResolver.cpp, line 773]
Event: 15.750 Thread 0x0000029a626c56c0 Exception <a 'java/lang/NoSuchMethodError'{0x0000000088498f88}: 'double java.lang.invoke.DirectMethodHandle$Holder.invokeVirtual(java.lang.Object, java.lang.Object)'> (0x0000000088498f88) 
thrown [s\src\hotspot\share\interpreter\linkResolver.cpp, line 773]
Event: 15.750 Thread 0x0000029a626c56c0 Exception <a 'java/lang/NoSuchMethodError'{0x000000008849cad0}: 'void java.lang.invoke.DirectMethodHandle$Holder.invokeVirtual(java.lang.Object, java.lang.Object, double)'> (0x000000008849cad0) 
thrown [s\src\hotspot\share\interpreter\linkResolver.cpp, line 773]
Event: 15.839 Thread 0x0000029a626c56c0 Exception <a 'java/lang/NoSuchMethodError'{0x0000000087fde8f0}: 'void java.lang.invoke.DelegatingMethodHandle$Holder.reinvoke_L(java.lang.Object, java.lang.Object, java.lang.Object, double, java.lang.Object)'> (0x0000000087fde8f0) 
thrown [s\src\hotspot\share\interpreter\linkResolver.cpp, line 773]
Event: 15.849 Thread 0x0000029a626c56c0 Exception <a 'java/lang/NoSuchMethodError'{0x0000000087e34e68}: 'int java.lang.invoke.DirectMethodHandle$Holder.invokeStatic(java.lang.Object, java.lang.Object, int, java.lang.Object)'> (0x0000000087e34e68) 
thrown [s\src\hotspot\share\interpreter\linkResolver.cpp, line 773]

ZGC Phase Switch (0 events):
No events

VM Operations (20 events):
Event: 14.412 Executing VM operation: G1CollectForAllocation (G1 Evacuation Pause) done
Event: 14.524 Executing VM operation: G1TryInitiateConcMark (G1 Humongous Allocation)
Event: 14.539 Executing VM operation: G1TryInitiateConcMark (G1 Humongous Allocation) done
Event: 14.647 Executing VM operation: G1CollectForAllocation (G1 Evacuation Pause)
Event: 14.658 Executing VM operation: G1CollectForAllocation (G1 Evacuation Pause) done
Event: 14.690 Executing VM operation: G1PauseRemark
Event: 14.694 Executing VM operation: G1PauseRemark done
Event: 14.750 Executing VM operation: G1PauseCleanup
Event: 14.750 Executing VM operation: G1PauseCleanup done
Event: 15.037 Executing VM operation: HandshakeAllThreads (Deoptimize)
Event: 15.037 Executing VM operation: HandshakeAllThreads (Deoptimize) done
Event: 15.176 Executing VM operation: G1CollectForAllocation (G1 Evacuation Pause)
Event: 15.187 Executing VM operation: G1CollectForAllocation (G1 Evacuation Pause) done
Event: 15.431 Executing VM operation: HandshakeAllThreads (Deoptimize)
Event: 15.431 Executing VM operation: HandshakeAllThreads (Deoptimize) done
Event: 15.434 Executing VM operation: HandshakeAllThreads (Deoptimize)
Event: 15.434 Executing VM operation: HandshakeAllThreads (Deoptimize) done
Event: 15.452 Executing VM operation: HandshakeAllThreads (Deoptimize)
Event: 15.452 Executing VM operation: HandshakeAllThreads (Deoptimize) done
Event: 15.998 Executing VM operation: G1CollectForAllocation (G1 Evacuation Pause)

Memory protections (0 events):
No events

Nmethod flushes (20 events):
Event: 14.694 Thread 0x0000029a7287cae0 flushing  nmethod 0x0000029a6b73cd10
Event: 14.694 Thread 0x0000029a7287cae0 flushing  nmethod 0x0000029a6b881810
Event: 14.694 Thread 0x0000029a7287cae0 flushing  nmethod 0x0000029a6b884090
Event: 14.694 Thread 0x0000029a7287cae0 flushing  nmethod 0x0000029a6b8e4f90
Event: 14.694 Thread 0x0000029a7287cae0 flushing  nmethod 0x0000029a6b5d8790
Event: 14.694 Thread 0x0000029a7287cae0 flushing  nmethod 0x0000029a6b86b210
Event: 14.694 Thread 0x0000029a7287cae0 flushing  nmethod 0x0000029a6b871990
Event: 14.694 Thread 0x0000029a7287cae0 flushing  nmethod 0x0000029a6b887b90
Event: 14.694 Thread 0x0000029a7287cae0 flushing  nmethod 0x0000029a6b472710
Event: 14.694 Thread 0x0000029a7287cae0 flushing  nmethod 0x0000029a6b473590
Event: 14.694 Thread 0x0000029a7287cae0 flushing  nmethod 0x0000029a6b69ef90
Event: 14.694 Thread 0x0000029a7287cae0 flushing  nmethod 0x0000029a6b8e9c90
Event: 14.694 Thread 0x0000029a7287cae0 flushing  nmethod 0x0000029a6b44e510
Event: 14.694 Thread 0x0000029a7287cae0 flushing  nmethod 0x0000029a6b44f590
Event: 14.694 Thread 0x0000029a7287cae0 flushing  nmethod 0x0000029a6b5fb390
Event: 14.694 Thread 0x0000029a7287cae0 flushing  nmethod 0x0000029a6b667b90
Event: 14.694 Thread 0x0000029a7287cae0 flushing  nmethod 0x0000029a6b832f10
Event: 14.694 Thread 0x0000029a7287cae0 flushing  nmethod 0x0000029a6b862610
Event: 14.694 Thread 0x0000029a7287cae0 flushing  nmethod 0x0000029a6b867290
Event: 14.694 Thread 0x0000029a7287cae0 flushing  nmethod 0x0000029a6b8dd310

Events (20 events):
Event: 14.680 Thread 0x0000029a77e22bc0 Thread exited: 0x0000029a77e22bc0
Event: 14.680 Thread 0x0000029a7a3f7290 Thread exited: 0x0000029a7a3f7290
Event: 14.752 Thread 0x0000029a773d35e0 Thread added: 0x0000029a77e22bc0
Event: 14.757 Thread 0x0000029a77e22bc0 Thread exited: 0x0000029a77e22bc0
Event: 15.260 Thread 0x0000029a773d35e0 Thread added: 0x0000029a77e21810
Event: 15.265 Thread 0x0000029a77e21810 Thread exited: 0x0000029a77e21810
Event: 15.438 Thread 0x0000029a626c56c0 Thread added: 0x0000029a77e21810
Event: 15.438 Thread 0x0000029a626c56c0 Thread added: 0x0000029a77e22bc0
Event: 15.438 Thread 0x0000029a626c56c0 Thread added: 0x0000029a7a990060
Event: 15.439 Thread 0x0000029a626c56c0 Thread added: 0x0000029a7a992130
Event: 15.439 Thread 0x0000029a626c56c0 Thread added: 0x0000029a7a991410
Event: 15.439 Thread 0x0000029a626c56c0 Thread added: 0x0000029a7a9934e0
Event: 15.439 Thread 0x0000029a626c56c0 Thread added: 0x0000029a7a9927c0
Event: 15.439 Thread 0x0000029a626c56c0 Thread added: 0x0000029a7a997680
Event: 15.439 Thread 0x0000029a626c56c0 Thread added: 0x0000029a7a9955b0
Event: 15.439 Thread 0x0000029a626c56c0 Thread added: 0x0000029a7a994200
Event: 15.450 Thread 0x0000029a626c56c0 Thread added: 0x0000029a7a992e50
Event: 15.452 Thread 0x0000029a626c56c0 Thread added: 0x0000029a7a991aa0
Event: 15.767 Thread 0x0000029a773d35e0 Thread added: 0x0000029a7a996ff0
Event: 15.777 Thread 0x0000029a7a996ff0 Thread exited: 0x0000029a7a996ff0


Dynamic libraries:
0x00007ff6f0e50000 - 0x00007ff6f0e5e000 	C:\Users\Youssef\.jdks\corretto-21.0.5\bin\java.exe
0x00007ffec8970000 - 0x00007ffec8b68000 	C:\Windows\SYSTEM32\ntdll.dll
0x00007ffe9ca20000 - 0x00007ffe9ca3b000 	C:\Program Files\AVG\Antivirus\aswhook.dll
0x00007ffec8570000 - 0x00007ffec8632000 	C:\Windows\System32\KERNEL32.DLL
0x00007ffec6140000 - 0x00007ffec6436000 	C:\Windows\System32\KERNELBASE.dll
0x00007ffec6470000 - 0x00007ffec6570000 	C:\Windows\System32\ucrtbase.dll
0x00007ffebf060000 - 0x00007ffebf078000 	C:\Users\Youssef\.jdks\corretto-21.0.5\bin\jli.dll
0x00007ffec8160000 - 0x00007ffec82fd000 	C:\Windows\System32\USER32.dll
0x00007ffec6610000 - 0x00007ffec6632000 	C:\Windows\System32\win32u.dll
0x00007ffebf040000 - 0x00007ffebf05b000 	C:\Users\Youssef\.jdks\corretto-21.0.5\bin\VCRUNTIME140.dll
0x00007ffec7ab0000 - 0x00007ffec7adb000 	C:\Windows\System32\GDI32.dll
0x00007ffec6870000 - 0x00007ffec698a000 	C:\Windows\System32\gdi32full.dll
0x00007ffeab8c0000 - 0x00007ffeabb5a000 	C:\Windows\WinSxS\amd64_microsoft.windows.common-controls_6595b64144ccf1df_6.0.19041.4355_none_60b8b9eb71f62e16\COMCTL32.dll
0x00007ffec6570000 - 0x00007ffec660d000 	C:\Windows\System32\msvcp_win.dll
0x00007ffec7180000 - 0x00007ffec721e000 	C:\Windows\System32\msvcrt.dll
0x00007ffec6cf0000 - 0x00007ffec6d1f000 	C:\Windows\System32\IMM32.DLL
0x00007ffeb5cb0000 - 0x00007ffeb5cbc000 	C:\Users\Youssef\.jdks\corretto-21.0.5\bin\vcruntime140_1.dll
0x00007ffe9e3a0000 - 0x00007ffe9e42d000 	C:\Users\Youssef\.jdks\corretto-21.0.5\bin\msvcp140.dll
0x00007ffe6b710000 - 0x00007ffe6c4ad000 	C:\Users\Youssef\.jdks\corretto-21.0.5\bin\server\jvm.dll
0x00007ffec86d0000 - 0x00007ffec877f000 	C:\Windows\System32\ADVAPI32.dll
0x00007ffec6f40000 - 0x00007ffec6fdf000 	C:\Windows\System32\sechost.dll
0x00007ffec7050000 - 0x00007ffec7173000 	C:\Windows\System32\RPCRT4.dll
0x00007ffec6440000 - 0x00007ffec6467000 	C:\Windows\System32\bcrypt.dll
0x00007ffec7990000 - 0x00007ffec79fb000 	C:\Windows\System32\WS2_32.dll
0x00007ffec1340000 - 0x00007ffec1367000 	C:\Windows\SYSTEM32\WINMM.dll
0x00007ffec5550000 - 0x00007ffec559b000 	C:\Windows\SYSTEM32\POWRPROF.dll
0x00007ffebcdb0000 - 0x00007ffebcdba000 	C:\Windows\SYSTEM32\VERSION.dll
0x00007ffec53c0000 - 0x00007ffec53d2000 	C:\Windows\SYSTEM32\UMPDC.dll
0x00007ffec47e0000 - 0x00007ffec47f2000 	C:\Windows\SYSTEM32\kernel.appcore.dll
0x00007ffeb5ca0000 - 0x00007ffeb5caa000 	C:\Users\Youssef\.jdks\corretto-21.0.5\bin\jimage.dll
0x00007ffebc080000 - 0x00007ffebc264000 	C:\Windows\SYSTEM32\DBGHELP.DLL
0x00007ffebc040000 - 0x00007ffebc074000 	C:\Windows\SYSTEM32\dbgcore.DLL
0x00007ffec6000000 - 0x00007ffec6082000 	C:\Windows\System32\bcryptPrimitives.dll
0x00007ffeb5c50000 - 0x00007ffeb5c5e000 	C:\Users\Youssef\.jdks\corretto-21.0.5\bin\instrument.dll
0x00007ffeadd50000 - 0x00007ffeadd6f000 	C:\Users\Youssef\.jdks\corretto-21.0.5\bin\java.dll
0x00007ffec7220000 - 0x00007ffec798f000 	C:\Windows\System32\SHELL32.dll
0x00007ffec3f90000 - 0x00007ffec4733000 	C:\Windows\SYSTEM32\windows.storage.dll
0x00007ffec6990000 - 0x00007ffec6ce5000 	C:\Windows\System32\combase.dll
0x00007ffec5950000 - 0x00007ffec597b000 	C:\Windows\SYSTEM32\Wldp.dll
0x00007ffec6e70000 - 0x00007ffec6f3d000 	C:\Windows\System32\OLEAUT32.dll
0x00007ffec8300000 - 0x00007ffec83ad000 	C:\Windows\System32\SHCORE.dll
0x00007ffec7c20000 - 0x00007ffec7c75000 	C:\Windows\System32\shlwapi.dll
0x00007ffec5f30000 - 0x00007ffec5f55000 	C:\Windows\SYSTEM32\profapi.dll
0x00007ffeadd30000 - 0x00007ffeadd48000 	C:\Users\Youssef\.jdks\corretto-21.0.5\bin\zip.dll
0x00007ffeadd20000 - 0x00007ffeadd30000 	C:\Users\Youssef\.jdks\corretto-21.0.5\bin\net.dll
0x00007ffec38b0000 - 0x00007ffec39ba000 	C:\Windows\SYSTEM32\WINHTTP.dll
0x00007ffec5730000 - 0x00007ffec579c000 	C:\Windows\system32\mswsock.dll
0x00007ffeabdb0000 - 0x00007ffeabdc6000 	C:\Users\Youssef\.jdks\corretto-21.0.5\bin\nio.dll
0x00007ffec5420000 - 0x00007ffec54ea000 	C:\Windows\SYSTEM32\DNSAPI.dll
0x00007ffec53e0000 - 0x00007ffec541b000 	C:\Windows\SYSTEM32\IPHLPAPI.DLL
0x00007ffec6d20000 - 0x00007ffec6d28000 	C:\Windows\System32\NSI.dll
0x00007ffeb7540000 - 0x00007ffeb754a000 	C:\Windows\System32\rasadhlp.dll
0x00007ffeb68d0000 - 0x00007ffeb6950000 	C:\Windows\System32\fwpuclnt.dll
0x00007ffeadd10000 - 0x00007ffeadd19000 	C:\Users\Youssef\.jdks\corretto-21.0.5\bin\extnet.dll
0x00007ffeae050000 - 0x00007ffeae059000 	C:\Users\Youssef\.jdks\corretto-21.0.5\bin\management.dll
0x00007ffeaddf0000 - 0x00007ffeaddfb000 	C:\Users\Youssef\.jdks\corretto-21.0.5\bin\management_ext.dll
0x00007ffec83b0000 - 0x00007ffec83b8000 	C:\Windows\System32\PSAPI.DLL
0x00007ffec5990000 - 0x00007ffec59a8000 	C:\Windows\SYSTEM32\CRYPTSP.dll
0x00007ffec5000000 - 0x00007ffec5038000 	C:\Windows\system32\rsaenh.dll
0x00007ffec5ef0000 - 0x00007ffec5f1e000 	C:\Windows\SYSTEM32\USERENV.dll
0x00007ffec58c0000 - 0x00007ffec58cc000 	C:\Windows\SYSTEM32\CRYPTBASE.dll
0x00007ffea47c0000 - 0x00007ffea47d7000 	C:\Windows\system32\napinsp.dll
0x00007ffea47a0000 - 0x00007ffea47bb000 	C:\Windows\system32\pnrpnsp.dll
0x00007ffebf540000 - 0x00007ffebf55d000 	C:\Windows\system32\NLAapi.dll
0x00007ffec25b0000 - 0x00007ffec25c5000 	C:\Windows\system32\wshbth.dll
0x00007ffea4780000 - 0x00007ffea4792000 	C:\Windows\System32\winrnr.dll
0x00007ffe9c4b0000 - 0x00007ffe9c501000 	C:\Windows\SYSTEM32\pdh.dll
0x00007ffea7d00000 - 0x00007ffea7d0f000 	C:\Windows\System32\perfproc.dll
0x00007ffea9c70000 - 0x00007ffea9c7f000 	C:\Windows\System32\perfos.dll
0x00007ffea7d50000 - 0x00007ffea7d5e000 	C:\Users\Youssef\.jdks\corretto-21.0.5\bin\sunmscapi.dll
0x00007ffec6690000 - 0x00007ffec67ed000 	C:\Windows\System32\CRYPT32.dll
0x00007ffec5aa0000 - 0x00007ffec5ac7000 	C:\Windows\SYSTEM32\ncrypt.dll
0x00007ffec5a60000 - 0x00007ffec5a9b000 	C:\Windows\SYSTEM32\NTASN1.dll
0x00007ffeb5dc0000 - 0x00007ffeb5dd0000 	C:\Users\Youssef\.jdks\corretto-21.0.5\bin\verify.dll
0x00007ffec1370000 - 0x00007ffec1377000 	C:\Windows\system32\wshunix.dll

dbghelp: loaded successfully - version: 4.0.5 - missing functions: none
symbol engine: initialized successfully - sym options: 0x614 - pdb path: .;C:\Users\Youssef\.jdks\corretto-21.0.5\bin;C:\Windows\SYSTEM32;C:\Program Files\AVG\Antivirus;C:\Windows\WinSxS\amd64_microsoft.windows.common-controls_6595b64144ccf1df_6.0.19041.4355_none_60b8b9eb71f62e16;C:\Users\Youssef\.jdks\corretto-21.0.5\bin\server

VM Arguments:
jvm_args: -XX:TieredStopAtLevel=1 -Dspring.output.ansi.enabled=always -Dcom.sun.management.jmxremote -Dspring.jmx.enabled=true -Dspring.liveBeansView.mbeanDomain -Dspring.application.admin.enabled=true -Dmanagement.endpoints.jmx.exposure.include=* -javaagent:C:\Program Files\JetBrains\IntelliJ IDEA 2025.1.1.1\lib\idea_rt.jar=65084 -Dfile.encoding=UTF-8 -Dsun.stdout.encoding=UTF-8 -Dsun.stderr.encoding=UTF-8 
java_command: ma.enset.ebankingbackend.EBankingBackendApplication
java_class_path (initial): C:\Users\Youssef\Downloads\Digital-Banking-main\Digital-Banking-main\target\classes;C:\Users\Youssef\.m2\repository\org\springframework\boot\spring-boot-starter-data-jpa\3.2.3\spring-boot-starter-data-jpa-3.2.3.jar;C:\Users\Youssef\.m2\repository\org\springframework\boot\spring-boot-starter-aop\3.2.3\spring-boot-starter-aop-3.2.3.jar;C:\Users\Youssef\.m2\repository\org\springframework\spring-aop\6.1.4\spring-aop-6.1.4.jar;C:\Users\Youssef\.m2\repository\org\aspectj\aspectjweaver\1.9.21\aspectjweaver-1.9.21.jar;C:\Users\Youssef\.m2\repository\org\springframework\boot\spring-boot-starter-jdbc\3.2.3\spring-boot-starter-jdbc-3.2.3.jar;C:\Users\Youssef\.m2\repository\com\zaxxer\HikariCP\5.0.1\HikariCP-5.0.1.jar;C:\Users\Youssef\.m2\repository\org\springframework\spring-jdbc\6.1.4\spring-jdbc-6.1.4.jar;C:\Users\Youssef\.m2\repository\org\hibernate\orm\hibernate-core\6.4.4.Final\hibernate-core-6.4.4.Final.jar;C:\Users\Youssef\.m2\repository\jakarta\persistence\jakarta.persistence-api\3.1.0\jakarta.persistence-api-3.1.0.jar;C:\Users\Youssef\.m2\repository\jakarta\transaction\jakarta.transaction-api\2.0.1\jakarta.transaction-api-2.0.1.jar;C:\Users\Youssef\.m2\repository\org\jboss\logging\jboss-logging\3.5.3.Final\jboss-logging-3.5.3.Final.jar;C:\Users\Youssef\.m2\repository\org\hibernate\common\hibernate-commons-annotations\6.0.6.Final\hibernate-commons-annotations-6.0.6.Final.jar;C:\Users\Youssef\.m2\repository\io\smallrye\jandex\3.1.2\jandex-3.1.2.jar;C:\Users\Youssef\.m2\repository\com\fasterxml\classmate\1.6.0\classmate-1.6.0.jar;C:\Users\Youssef\.m2\repository\net\bytebuddy\byte-buddy\1.14.12\byte-buddy-1.14.12.jar;C:\Users\Youssef\.m2\repository\org\glassfish\jaxb\jaxb-runtime\4.0.4\jaxb-runtime-4.0.4.jar;C:\Users\Youssef\.m2\repository\org\glassfish\jaxb\jaxb-core\4.0.4\jaxb-core-4.0.4.jar;C:\Users\Youssef\.m2\repository\org\eclipse\angus\angus-activation\2.0.1\angus-activation-2.0.1.jar;C:\Users\Youssef\.m2\repository\org\glassfish\jaxb\txw2\4.0.4\txw2-4.0.4.jar;C:\Users\Youssef\.m2\repository\com\sun\istack\istack-commons-runtime\4.1.2\istack-commons-runtime-4.1.2.jar;C:\Users\Youssef\.m2\repository\jakarta\inject\jakarta.inject-api\2.0.1\jakarta.inject-api-2.0.1.jar;C:\Users\Youssef\.m2\repository\org\antlr\antlr4-runtime\4.13.0\antlr4-runtime-4.13.0.jar;C:\Users\Youssef\.m2\repository\org\springframework\data\spring-data-jpa\3.2.3\spring-data-jpa-3.2.3.jar;C:\Users\Youssef\.m2\repository\org\springframework\data\spring-data-commons\3.2.3\spring-data-commons-3.2.3.jar;C:\Users\Youssef\.m2\repository\org\springframework\spring-orm\6.1.4\spring-orm-6.1.4.jar;C:\Users\Youssef\.m2\repository\org\springframework\spring-context\6.1.4\spring-context-6.1.4.jar;C:\Users\Youssef\.m2\repository\org\springframework\spring-tx\6.1.4\spring-tx-6.1.4.jar;C:\Users\Youssef\.m2\repository\org\springframework\spring-beans\6.1.4\spring-beans-6.1.4.jar;C:\Users\Youssef\.m2\repository\jakarta\annotation\jakarta.annotation-api\2.1.1\jakarta.annotation-api-2.1.1.jar;C:\Users\Youssef\.m2\repository\org\slf4j\slf4j-api\2.0.12\slf4j-api-2.0.12.jar;C:\Users\Youssef\.m2\repository\org\springframework\spring-aspects\6.1.4\spring-aspects-6.1.4.jar;C:\Users\Youssef\.m2\repository\org\springframework\boot\spring-boot-starter-web\3.2.3\spring-boot-starter-web-3.2.3.jar;C:\Users\Youssef\.m2\repository\org\springframework\boot\spring-boot-starter\3.2.3\spring-boot-starter-3.2.3.jar;C:\Users\Youssef\.m2\repository\org\springframework\boot\spring-boot\3.2.3\spring-boot-3.2.3.jar;C:\Users\Youssef\.m2\repository\org\springframework\boot\spring-boot-autoconfigure\3.2.3\spring-boot-autoconfigure-3.2.3.jar;C:\Users\Youssef\.m2\repository\org\springframework\boot\spring-boot-starter-logging\3.2.3\spring-boot-starter-logging-3.2.3.jar;C:\Users\Youssef\.m2\repository\ch\qos\logback\logback-classic\1.4.14\logback-classic-1.4.14.jar;C:\Users\Youssef\.m2\repository\ch\qos\logback\logback-core\1.4.14\logback-core-1.4.14.jar;C:\Users\Youssef\.m2\repository\org\apache\logging\log4j\log4j-to-slf4j\2.21.1\log4j-to-slf4j-2.21.1.jar;C:\Users\Youssef\.m2\repository\org\apache\logging\log4j\log4j-api\2.21.1\log4j-api-2.21.1.jar;C:\Users\Youssef\.m2\repository\org\slf4j\jul-to-slf4j\2.0.12\jul-to-slf4j-2.0.12.jar;C:\Users\Youssef\.m2\repository\org\yaml\snakeyaml\2.2\snakeyaml-2.2.jar;C:\Users\Youssef\.m2\repository\org\springframework\boot\spring-boot-starter-json\3.2.3\spring-boot-starter-json-3.2.3.jar;C:\Users\Youssef\.m2\repository\com\fasterxml\jackson\core\jackson-databind\2.15.4\jackson-databind-2.15.4.jar;C:\Users\Youssef\.m2\repository\com\fasterxml\jackson\core\jackson-annotations\2.15.4\jackson-annotations-2.15.4.jar;C:\Users\Youssef\.m2\repository\com\fasterxml\jackson\datatype\jackson-datatype-jdk8\2.15.4\jackson-datatype-jdk8-2.15.4.jar;C:\Users\Youssef\.m2\repository\com\fasterxml\jackson\datatype\jackson-datatype-jsr310\2.15.4\jackson-datatype-jsr310-2.15.4.jar;C:\Users\Youssef\.m2\repository\com\fasterxml\jackson\module\jackson-module-parameter-names\2.15.4\jackson-module-parameter-names-2.15.4.jar;C:\Users\Youssef\.m2\repository\org\springframework\boot\spring-boot-starter-tomcat\3.2.3\spring-boot-starter-tomcat-3.2.3.jar;C:\Users\Youssef\.m2\repository\org\apache\tomcat\embed\tomcat-embed-core\10.1.19\tomcat-embed-core-10.1.19.jar;C:\Users\Youssef\.m2\repository\org\apache\tomcat\embed\tomcat-embed-el\10.1.19\tomcat-embed-el-10.1.19.jar;C:\Users\Youssef\.m2\repository\org\apache\tomcat\embed\tomcat-embed-websocket\10.1.19\tomcat-embed-websocket-10.1.19.jar;C:\Users\Youssef\.m2\repository\org\springframework\spring-web\6.1.4\spring-web-6.1.4.jar;C:\Users\Youssef\.m2\repository\io\micrometer\micrometer-observation\1.12.3\micrometer-observation-1.12.3.jar;C:\Users\Youssef\.m2\repository\io\micrometer\micrometer-commons\1.12.3\micrometer-commons-1.12.3.jar;C:\Users\Youssef\.m2\repository\org\springframework\spring-webmvc\6.1.4\spring-webmvc-6.1.4.jar;C:\Users\Youssef\.m2\repository\org\springframework\spring-expression\6.1.4\spring-expression-6.1.4.jar;C:\Users\Youssef\.m2\repository\org\springdoc\springdoc-openapi-starter-webmvc-ui\2.5.0\springdoc-openapi-starter-webmvc-ui-2.5.0.jar;C:\Users\Youssef\.m2\repository\org\springdoc\springdoc-openapi-starter-webmvc-api\2.5.0\springdoc-openapi-starter-webmvc-api-2.5.0.jar;C:\Users\Youssef\.m2\repository\org\springdoc\springdoc-openapi-starter-common\2.5.0\springdoc-openapi-starter-common-2.5.0.jar;C:\Users\Youssef\.m2\repository\io\swagger\core\v3\swagger-core-jakarta\2.2.21\swagger-core-jakarta-2.2.21.jar;C:\Users\Youssef\.m2\repository\org\apache\commons\commons-lang3\3.13.0\commons-lang3-3.13.0.jar;C:\Users\Youssef\.m2\repository\io\swagger\core\v3\swagger-annotations-jakarta\2.2.21\swagger-annotations-jakarta-2.2.21.jar;C:\Users\Youssef\.m2\repository\io\swagger\core\v3\swagger-models-jakarta\2.2.21\swagger-models-jakarta-2.2.21.jar;C:\Users\Youssef\.m2\repository\jakarta\validation\jakarta.validation-api\3.0.2\jakarta.validation-api-3.0.2.jar;C:\Users\Youssef\.m2\repository\com\fasterxml\jackson\dataformat\jackson-dataformat-yaml\2.15.4\jackson-dataformat-yaml-2.15.4.jar;C:\Users\Youssef\.m2\repository\org\webjars\swagger-ui\5.13.0\swagger-ui-5.13.0.jar;C:\Users\Youssef\.m2\repository\com\mysql\mysql-connector-j\8.0.32\mysql-connector-j-8.0.32.jar;C:\Users\Youssef\.m2\repository\org\projectlombok\lombok\1.18.30\lombok-1.18.30.jar;C:\Users\Youssef\.m2\repository\org\springdoc\springdoc-openapi-ui\1.6.8\springdoc-openapi-ui-1.6.8.jar;C:\Users\Youssef\.m2\repository\org\springdoc\springdoc-openapi-webmvc-core\1.6.8\springdoc-openapi-webmvc-core-1.6.8.jar;C:\Users\Youssef\.m2\repository\org\springdoc\springdoc-openapi-common\1.6.8\springdoc-openapi-common-1.6.8.jar;C:\Users\Youssef\.m2\repository\io\swagger\core\v3\swagger-core\2.2.0\swagger-core-2.2.0.jar;C:\Users\Youssef\.m2\repository\io\swagger\core\v3\swagger-annotations\2.2.0\swagger-annotations-2.2.0.jar;C:\Users\Youssef\.m2\repository\io\swagger\core\v3\swagger-models\2.2.0\swagger-models-2.2.0.jar;C:\Users\Youssef\.m2\repository\org\webjars\webjars-locator-core\0.55\webjars-locator-core-0.55.jar;C:\Users\Youssef\.m2\repository\com\fasterxml\jackson\core\jackson-core\2.15.4\jackson-core-2.15.4.jar;C:\Users\Youssef\.m2\repository\io\github\classgraph\classgraph\4.8.143\classgraph-4.8.143.jar;C:\Users\Youssef\.m2\repository\org\springframework\boot\spring-boot-starter-oauth2-resource-server\3.2.3\spring-boot-starter-oauth2-resource-server-3.2.3.jar;C:\Users\Youssef\.m2\repository\org\springframework\security\spring-security-config\6.2.2\spring-security-config-6.2.2.jar;C:\Users\Youssef\.m2\repository\org\springframework\security\spring-security-core\6.2.2\spring-security-core-6.2.2.jar;C:\Users\Youssef\.m2\repository\org\springframework\security\spring-security-crypto\6.2.2\spring-security-crypto-6.2.2.jar;C:\Users\Youssef\.m2\repository\org\springframework\security\spring-security-oauth2-resource-server\6.2.2\spring-security-oauth2-resource-server-6.2.2.jar;C:\Users\Youssef\.m2\repository\org\springframework\security\spring-security-oauth2-core\6.2.2\spring-security-oauth2-core-6.2.2.jar;C:\Users\Youssef\.m2\repository\org\springframework\security\spring-security-web\6.2.2\spring-security-web-6.2.2.jar;C:\Users\Youssef\.m2\repository\org\springframework\security\spring-security-oauth2-jose\6.2.2\spring-security-oauth2-jose-6.2.2.jar;C:\Users\Youssef\.m2\repository\com\nimbusds\nimbus-jose-jwt\9.24.4\nimbus-jose-jwt-9.24.4.jar;C:\Users\Youssef\.m2\repository\com\github\stephenc\jcip\jcip-annotations\1.0-1\jcip-annotations-1.0-1.jar;C:\Users\Youssef\.m2\repository\jakarta\xml\bind\jakarta.xml.bind-api\4.0.1\jakarta.xml.bind-api-4.0.1.jar;C:\Users\Youssef\.m2\repository\jakarta\activation\jakarta.activation-api\2.1.2\jakarta.activation-api-2.1.2.jar;C:\Users\Youssef\.m2\repository\org\springframework\spring-core\6.1.4\spring-core-6.1.4.jar;C:\Users\Youssef\.m2\repository\org\springframework\spring-jcl\6.1.4\spring-jcl-6.1.4.jar
Launcher Type: SUN_STANDARD

[Global flags]
     intx CICompilerCount                          = 3                                         {product} {ergonomic}
     uint ConcGCThreads                            = 1                                         {product} {ergonomic}
     uint G1ConcRefinementThreads                  = 4                                         {product} {ergonomic}
   size_t G1HeapRegionSize                         = 1048576                                   {product} {ergonomic}
    uintx GCDrainStackTargetSize                   = 64                                        {product} {ergonomic}
   size_t InitialHeapSize                          = 132120576                                 {product} {ergonomic}
     bool ManagementServer                         = true                                      {product} {command line}
   size_t MarkStackSize                            = 4194304                                   {product} {ergonomic}
   size_t MaxHeapSize                              = 2105540608                                {product} {ergonomic}
   size_t MaxNewSize                               = 1262485504                                {product} {ergonomic}
   size_t MinHeapDeltaBytes                        = 1048576                                   {product} {ergonomic}
   size_t MinHeapSize                              = 8388608                                   {product} {ergonomic}
    uintx NonNMethodCodeHeapSize                   = 4096                                   {pd product} {ergonomic}
    uintx NonProfiledCodeHeapSize                  = 0                                      {pd product} {ergonomic}
     bool ProfileInterpreter                       = false                                  {pd product} {command line}
    uintx ProfiledCodeHeapSize                     = 0                                      {pd product} {ergonomic}
   size_t SoftMaxHeapSize                          = 2105540608                             {manageable} {ergonomic}
     intx TieredStopAtLevel                        = 1                                         {product} {command line}
     bool UseCompressedOops                        = true                           {product lp64_product} {ergonomic}
     bool UseG1GC                                  = true                                      {product} {ergonomic}
     bool UseLargePagesIndividualAllocation        = false                                  {pd product} {ergonomic}

Logging:
Log output configuration:
 #0: stdout all=warning uptime,level,tags foldmultilines=false
 #1: stderr all=off uptime,level,tags foldmultilines=false

Environment Variables:
JAVA_HOME=C:\Program Files\Eclipse Adoptium\jdk-17.0.5.8-hotspot
PATH=C:\ProgramData\MCXStudio\MCXSuite\mmc\bin;C:\Windows\system32;C:\Windows;C:\Windows\System32\Wbem;C:\Windows\System32\WindowsPowerShell\v1.0\;C:\Windows\System32\OpenSSH\;C:\Users\Youssef\AppData\Local\Programs\Python\Python311;C:\Users\Youssef\AppData\Local\Programs\Python\Python311\Scripts;C:\Program Files (x86)\dotnet\;C:\xampp\php;C:\ProgramData\ComposerSetup\bin;C:\msys64\mingw64\bin;C:\Program Files\Git\cmd;C:\Program Files\Eclipse Adoptium\jdk-17.0.5.8-hotspot\bin;C:\Users\Youssef\AppData\Local\SceneBuilder;C:\Users\Youssef\Documents\javafx-sdk-21.0.5\bin;;C:\Program Files\Docker\Docker\resources\bin;C:\Program Files\nodejs\;C:\Users\Youssef\AppData\Local\Microsoft\WindowsApps;C:\Users\Youssef\AppData\Local\Programs\Microsoft VS Code\bin;C:\Users\Youssef\AppData\Roaming\Composer\vendor\bin;C:\Program Files\Graphviz\bin;C:\msys64\ucrt64\bin;C:\Users\Youssef\AppData\Local\Programs\MiKTeX\miktex\bin\x64\;C:\Program Files\JetBrains\IntelliJ IDEA 2025.1.1.1\bin;;C:\Users\Youssef\AppData\Roaming\npm
USERNAME=Youssef
OS=Windows_NT
PROCESSOR_IDENTIFIER=Intel64 Family 6 Model 78 Stepping 3, GenuineIntel
TMP=C:\Users\Youssef\AppData\Local\Temp
TEMP=C:\Users\Youssef\AppData\Local\Temp




Periodic native trim disabled

---------------  S Y S T E M  ---------------

OS:
 Windows 10 , 64 bit Build 19041 (10.0.19041.5678)
OS uptime: 1 days 9:50 hours
Hyper-V role detected

CPU: total 4 (initial active 4) (2 cores per cpu, 2 threads per core) family 6 model 78 stepping 3 microcode 0xea, cx8, cmov, fxsr, ht, mmx, 3dnowpref, sse, sse2, sse3, ssse3, sse4.1, sse4.2, popcnt, lzcnt, tsc, tscinvbit, avx, avx2, aes, erms, clmul, bmi1, bmi2, rtm, adx, fma, vzeroupper, clflush, clflushopt, hv, rdtscp, f16c
Processor Information for all 4 processors :
  Max Mhz: 2496, Current Mhz: 2396, Mhz Limit: 2396

Memory: 4k page, system-wide physical 8031M (433M free)
TotalPageFile size 11097M (AvailPageFile size 72M)
current process WorkingSet (physical memory assigned to process): 298M, peak: 298M
current process commit charge ("private bytes"): 340M, peak: 440M

vm_info: OpenJDK 64-Bit Server VM (21.0.5+11-LTS) for windows-amd64 JRE (21.0.5+11-LTS), built on 2024-10-11T20:58:34Z by "Administrator" with MS VC++ 16.10 / 16.11 (VS2019)

END.
